{"/Users/jaredjbarnes/Documents/programming-patterns/lib/visitor/JavascriptVisitor.js":{"path":"/Users/jaredjbarnes/Documents/programming-patterns/lib/visitor/JavascriptVisitor.js","s":{"1":1,"2":1,"3":1,"4":1,"5":18,"6":18,"7":18,"8":18,"9":18,"10":18,"11":1,"12":1,"13":1,"14":1,"15":0,"16":1,"17":1,"18":1,"19":1,"20":1,"21":1,"22":1,"23":0,"24":1,"25":1,"26":0,"27":1,"28":1,"29":1,"30":0,"31":1,"32":1,"33":1,"34":1,"35":1,"36":1,"37":1,"38":1,"39":1,"40":1,"41":1,"42":1,"43":0,"44":0,"45":0,"46":0,"47":1,"48":0,"49":0,"50":0,"51":0,"52":0,"53":1,"54":0,"55":0,"56":0,"57":0,"58":1,"59":1,"60":1,"61":1,"62":1,"63":1,"64":1,"65":1},"b":{"1":[18,18],"2":[18,0],"3":[1,0],"4":[0,1],"5":[1,0],"6":[1,1],"7":[0,1],"8":[0,1],"9":[0,1],"10":[1,0,0],"11":[0,1],"12":[1,0],"13":[1,1],"14":[1,0],"15":[1,0],"16":[1,0]},"f":{"1":1,"2":1,"3":1,"4":1,"5":1,"6":1,"7":1,"8":1,"9":1,"10":1,"11":0,"12":0,"13":1,"14":0,"15":0,"16":0,"17":0,"18":0,"19":1,"20":0,"21":0,"22":0,"23":0,"24":1,"25":1,"26":1,"27":1},"fnMap":{"1":{"name":"(anonymous_1)","line":7,"loc":{"start":{"line":7,"column":19},"end":{"line":7,"column":31}}},"2":{"name":"defineProperties","line":7,"loc":{"start":{"line":7,"column":33},"end":{"line":7,"column":74}}},"3":{"name":"(anonymous_3)","line":7,"loc":{"start":{"line":7,"column":357},"end":{"line":7,"column":405}}},"4":{"name":"_interopRequireDefault","line":13,"loc":{"start":{"line":13,"column":0},"end":{"line":13,"column":37}}},"5":{"name":"_classCallCheck","line":15,"loc":{"start":{"line":15,"column":0},"end":{"line":15,"column":48}}},"6":{"name":"_possibleConstructorReturn","line":17,"loc":{"start":{"line":17,"column":0},"end":{"line":17,"column":48}}},"7":{"name":"_inherits","line":19,"loc":{"start":{"line":19,"column":0},"end":{"line":19,"column":41}}},"8":{"name":"(anonymous_8)","line":21,"loc":{"start":{"line":21,"column":24},"end":{"line":21,"column":44}}},"9":{"name":"JavascriptVisitor","line":24,"loc":{"start":{"line":24,"column":4},"end":{"line":24,"column":33}}},"10":{"name":"and","line":32,"loc":{"start":{"line":32,"column":15},"end":{"line":32,"column":30}}},"11":{"name":"or","line":41,"loc":{"start":{"line":41,"column":15},"end":{"line":41,"column":29}}},"12":{"name":"contains","line":50,"loc":{"start":{"line":50,"column":15},"end":{"line":50,"column":50}}},"13":{"name":"isEqualTo","line":55,"loc":{"start":{"line":55,"column":15},"end":{"line":55,"column":51}}},"14":{"name":"isNotEqualTo","line":60,"loc":{"start":{"line":60,"column":15},"end":{"line":60,"column":54}}},"15":{"name":"isGreaterThan","line":65,"loc":{"start":{"line":65,"column":15},"end":{"line":65,"column":55}}},"16":{"name":"isGreaterThanOrEqualTo","line":70,"loc":{"start":{"line":70,"column":15},"end":{"line":70,"column":64}}},"17":{"name":"isLessThan","line":75,"loc":{"start":{"line":75,"column":15},"end":{"line":75,"column":52}}},"18":{"name":"isLessThanOrEqualTo","line":80,"loc":{"start":{"line":80,"column":15},"end":{"line":80,"column":61}}},"19":{"name":"string","line":85,"loc":{"start":{"line":85,"column":15},"end":{"line":85,"column":38}}},"20":{"name":"boolean","line":90,"loc":{"start":{"line":90,"column":15},"end":{"line":90,"column":39}}},"21":{"name":"number","line":95,"loc":{"start":{"line":95,"column":15},"end":{"line":95,"column":38}}},"22":{"name":"array","line":100,"loc":{"start":{"line":100,"column":15},"end":{"line":100,"column":32}}},"23":{"name":"object","line":105,"loc":{"start":{"line":105,"column":15},"end":{"line":105,"column":33}}},"24":{"name":"propertyName","line":110,"loc":{"start":{"line":110,"column":15},"end":{"line":110,"column":43}}},"25":{"name":"property","line":115,"loc":{"start":{"line":115,"column":15},"end":{"line":115,"column":45}}},"26":{"name":"type","line":120,"loc":{"start":{"line":120,"column":15},"end":{"line":120,"column":31}}},"27":{"name":"createFilter","line":125,"loc":{"start":{"line":125,"column":15},"end":{"line":125,"column":43}}}},"statementMap":{"1":{"start":{"line":3,"column":0},"end":{"line":5,"column":3}},"2":{"start":{"line":7,"column":0},"end":{"line":7,"column":564}},"3":{"start":{"line":7,"column":33},"end":{"line":7,"column":349}},"4":{"start":{"line":7,"column":76},"end":{"line":7,"column":347}},"5":{"start":{"line":7,"column":117},"end":{"line":7,"column":143}},"6":{"start":{"line":7,"column":144},"end":{"line":7,"column":199}},"7":{"start":{"line":7,"column":200},"end":{"line":7,"column":231}},"8":{"start":{"line":7,"column":232},"end":{"line":7,"column":286}},"9":{"start":{"line":7,"column":259},"end":{"line":7,"column":286}},"10":{"start":{"line":7,"column":287},"end":{"line":7,"column":345}},"11":{"start":{"line":7,"column":350},"end":{"line":7,"column":559}},"12":{"start":{"line":7,"column":407},"end":{"line":7,"column":475}},"13":{"start":{"line":7,"column":423},"end":{"line":7,"column":475}},"14":{"start":{"line":7,"column":476},"end":{"line":7,"column":536}},"15":{"start":{"line":7,"column":493},"end":{"line":7,"column":536}},"16":{"start":{"line":7,"column":537},"end":{"line":7,"column":556}},"17":{"start":{"line":9,"column":0},"end":{"line":9,"column":37}},"18":{"start":{"line":11,"column":0},"end":{"line":11,"column":50}},"19":{"start":{"line":13,"column":0},"end":{"line":13,"column":95}},"20":{"start":{"line":13,"column":39},"end":{"line":13,"column":93}},"21":{"start":{"line":15,"column":0},"end":{"line":15,"column":153}},"22":{"start":{"line":15,"column":50},"end":{"line":15,"column":151}},"23":{"start":{"line":15,"column":92},"end":{"line":15,"column":149}},"24":{"start":{"line":17,"column":0},"end":{"line":17,"column":240}},"25":{"start":{"line":17,"column":50},"end":{"line":17,"column":151}},"26":{"start":{"line":17,"column":63},"end":{"line":17,"column":149}},"27":{"start":{"line":17,"column":152},"end":{"line":17,"column":238}},"28":{"start":{"line":19,"column":0},"end":{"line":19,"column":494}},"29":{"start":{"line":19,"column":43},"end":{"line":19,"column":208}},"30":{"start":{"line":19,"column":106},"end":{"line":19,"column":206}},"31":{"start":{"line":19,"column":209},"end":{"line":19,"column":373}},"32":{"start":{"line":19,"column":374},"end":{"line":19,"column":492}},"33":{"start":{"line":19,"column":390},"end":{"line":19,"column":492}},"34":{"start":{"line":21,"column":0},"end":{"line":135,"column":21}},"35":{"start":{"line":22,"column":4},"end":{"line":22,"column":43}},"36":{"start":{"line":24,"column":4},"end":{"line":28,"column":5}},"37":{"start":{"line":25,"column":8},"end":{"line":25,"column":49}},"38":{"start":{"line":27,"column":8},"end":{"line":27,"column":146}},"39":{"start":{"line":30,"column":4},"end":{"line":132,"column":8}},"40":{"start":{"line":33,"column":12},"end":{"line":35,"column":13}},"41":{"start":{"line":34,"column":16},"end":{"line":34,"column":45}},"42":{"start":{"line":37,"column":12},"end":{"line":37,"column":49}},"43":{"start":{"line":42,"column":12},"end":{"line":44,"column":13}},"44":{"start":{"line":43,"column":16},"end":{"line":43,"column":47}},"45":{"start":{"line":46,"column":12},"end":{"line":46,"column":49}},"46":{"start":{"line":51,"column":12},"end":{"line":51,"column":105}},"47":{"start":{"line":56,"column":12},"end":{"line":56,"column":46}},"48":{"start":{"line":61,"column":12},"end":{"line":61,"column":46}},"49":{"start":{"line":66,"column":12},"end":{"line":66,"column":44}},"50":{"start":{"line":71,"column":12},"end":{"line":71,"column":45}},"51":{"start":{"line":76,"column":12},"end":{"line":76,"column":44}},"52":{"start":{"line":81,"column":12},"end":{"line":81,"column":45}},"53":{"start":{"line":86,"column":12},"end":{"line":86,"column":41}},"54":{"start":{"line":91,"column":12},"end":{"line":91,"column":36}},"55":{"start":{"line":96,"column":12},"end":{"line":96,"column":25}},"56":{"start":{"line":101,"column":12},"end":{"line":101,"column":51}},"57":{"start":{"line":106,"column":12},"end":{"line":106,"column":51}},"58":{"start":{"line":111,"column":12},"end":{"line":111,"column":24}},"59":{"start":{"line":116,"column":12},"end":{"line":116,"column":59}},"60":{"start":{"line":121,"column":12},"end":{"line":121,"column":28}},"61":{"start":{"line":127,"column":12},"end":{"line":127,"column":45}},"62":{"start":{"line":128,"column":12},"end":{"line":128,"column":45}},"63":{"start":{"line":130,"column":12},"end":{"line":130,"column":48}},"64":{"start":{"line":134,"column":4},"end":{"line":134,"column":29}},"65":{"start":{"line":137,"column":0},"end":{"line":137,"column":36}}},"branchMap":{"1":{"line":7,"type":"binary-expr","locations":[{"start":{"line":7,"column":168},"end":{"line":7,"column":189}},{"start":{"line":7,"column":193},"end":{"line":7,"column":198}}]},"2":{"line":7,"type":"if","locations":[{"start":{"line":7,"column":232},"end":{"line":7,"column":232}},{"start":{"line":7,"column":232},"end":{"line":7,"column":232}}]},"3":{"line":7,"type":"if","locations":[{"start":{"line":7,"column":407},"end":{"line":7,"column":407}},{"start":{"line":7,"column":407},"end":{"line":7,"column":407}}]},"4":{"line":7,"type":"if","locations":[{"start":{"line":7,"column":476},"end":{"line":7,"column":476}},{"start":{"line":7,"column":476},"end":{"line":7,"column":476}}]},"5":{"line":13,"type":"cond-expr","locations":[{"start":{"line":13,"column":70},"end":{"line":13,"column":73}},{"start":{"line":13,"column":76},"end":{"line":13,"column":92}}]},"6":{"line":13,"type":"binary-expr","locations":[{"start":{"line":13,"column":46},"end":{"line":13,"column":49}},{"start":{"line":13,"column":53},"end":{"line":13,"column":67}}]},"7":{"line":15,"type":"if","locations":[{"start":{"line":15,"column":50},"end":{"line":15,"column":50}},{"start":{"line":15,"column":50},"end":{"line":15,"column":50}}]},"8":{"line":17,"type":"if","locations":[{"start":{"line":17,"column":50},"end":{"line":17,"column":50}},{"start":{"line":17,"column":50},"end":{"line":17,"column":50}}]},"9":{"line":17,"type":"cond-expr","locations":[{"start":{"line":17,"column":226},"end":{"line":17,"column":230}},{"start":{"line":17,"column":233},"end":{"line":17,"column":237}}]},"10":{"line":17,"type":"binary-expr","locations":[{"start":{"line":17,"column":159},"end":{"line":17,"column":163}},{"start":{"line":17,"column":168},"end":{"line":17,"column":192}},{"start":{"line":17,"column":196},"end":{"line":17,"column":222}}]},"11":{"line":19,"type":"if","locations":[{"start":{"line":19,"column":43},"end":{"line":19,"column":43}},{"start":{"line":19,"column":43},"end":{"line":19,"column":43}}]},"12":{"line":19,"type":"binary-expr","locations":[{"start":{"line":19,"column":47},"end":{"line":19,"column":79}},{"start":{"line":19,"column":83},"end":{"line":19,"column":102}}]},"13":{"line":19,"type":"binary-expr","locations":[{"start":{"line":19,"column":244},"end":{"line":19,"column":254}},{"start":{"line":19,"column":258},"end":{"line":19,"column":278}}]},"14":{"line":19,"type":"if","locations":[{"start":{"line":19,"column":374},"end":{"line":19,"column":374}},{"start":{"line":19,"column":374},"end":{"line":19,"column":374}}]},"15":{"line":19,"type":"cond-expr","locations":[{"start":{"line":19,"column":414},"end":{"line":19,"column":457}},{"start":{"line":19,"column":460},"end":{"line":19,"column":491}}]},"16":{"line":27,"type":"binary-expr","locations":[{"start":{"line":27,"column":49},"end":{"line":27,"column":76}},{"start":{"line":27,"column":80},"end":{"line":27,"column":120}}]}}},"/Users/jaredjbarnes/Documents/programming-patterns/lib/visitor/Visitor.js":{"path":"/Users/jaredjbarnes/Documents/programming-patterns/lib/visitor/Visitor.js","s":{"1":1,"2":1,"3":1,"4":1,"5":1,"6":1,"7":1,"8":1,"9":1,"10":1,"11":1,"12":1,"13":1,"14":1,"15":0,"16":1,"17":1,"18":2,"19":0,"20":1,"21":1,"22":2,"23":1,"24":12,"25":12,"26":6,"27":10,"28":6,"29":6,"30":0,"31":6,"32":6,"33":0,"34":1,"35":1},"b":{"1":[1,1],"2":[1,0],"3":[1,0],"4":[0,1],"5":[0,2],"6":[6,6],"7":[6,0],"8":[6,0]},"f":{"1":1,"2":1,"3":1,"4":2,"5":1,"6":2,"7":12,"8":10},"fnMap":{"1":{"name":"(anonymous_1)","line":7,"loc":{"start":{"line":7,"column":19},"end":{"line":7,"column":31}}},"2":{"name":"defineProperties","line":7,"loc":{"start":{"line":7,"column":33},"end":{"line":7,"column":74}}},"3":{"name":"(anonymous_3)","line":7,"loc":{"start":{"line":7,"column":357},"end":{"line":7,"column":405}}},"4":{"name":"_classCallCheck","line":9,"loc":{"start":{"line":9,"column":0},"end":{"line":9,"column":48}}},"5":{"name":"(anonymous_5)","line":11,"loc":{"start":{"line":11,"column":14},"end":{"line":11,"column":26}}},"6":{"name":"Visitor","line":12,"loc":{"start":{"line":12,"column":4},"end":{"line":12,"column":23}}},"7":{"name":"visit","line":18,"loc":{"start":{"line":18,"column":15},"end":{"line":18,"column":36}}},"8":{"name":"(anonymous_8)","line":23,"loc":{"start":{"line":23,"column":48},"end":{"line":23,"column":64}}}},"statementMap":{"1":{"start":{"line":3,"column":0},"end":{"line":5,"column":3}},"2":{"start":{"line":7,"column":0},"end":{"line":7,"column":564}},"3":{"start":{"line":7,"column":33},"end":{"line":7,"column":349}},"4":{"start":{"line":7,"column":76},"end":{"line":7,"column":347}},"5":{"start":{"line":7,"column":117},"end":{"line":7,"column":143}},"6":{"start":{"line":7,"column":144},"end":{"line":7,"column":199}},"7":{"start":{"line":7,"column":200},"end":{"line":7,"column":231}},"8":{"start":{"line":7,"column":232},"end":{"line":7,"column":286}},"9":{"start":{"line":7,"column":259},"end":{"line":7,"column":286}},"10":{"start":{"line":7,"column":287},"end":{"line":7,"column":345}},"11":{"start":{"line":7,"column":350},"end":{"line":7,"column":559}},"12":{"start":{"line":7,"column":407},"end":{"line":7,"column":475}},"13":{"start":{"line":7,"column":423},"end":{"line":7,"column":475}},"14":{"start":{"line":7,"column":476},"end":{"line":7,"column":536}},"15":{"start":{"line":7,"column":493},"end":{"line":7,"column":536}},"16":{"start":{"line":7,"column":537},"end":{"line":7,"column":556}},"17":{"start":{"line":9,"column":0},"end":{"line":9,"column":153}},"18":{"start":{"line":9,"column":50},"end":{"line":9,"column":151}},"19":{"start":{"line":9,"column":92},"end":{"line":9,"column":149}},"20":{"start":{"line":11,"column":0},"end":{"line":44,"column":4}},"21":{"start":{"line":12,"column":4},"end":{"line":14,"column":5}},"22":{"start":{"line":13,"column":8},"end":{"line":13,"column":39}},"23":{"start":{"line":16,"column":4},"end":{"line":41,"column":8}},"24":{"start":{"line":19,"column":12},"end":{"line":19,"column":29}},"25":{"start":{"line":21,"column":12},"end":{"line":39,"column":13}},"26":{"start":{"line":23,"column":16},"end":{"line":25,"column":19}},"27":{"start":{"line":24,"column":20},"end":{"line":24,"column":45}},"28":{"start":{"line":27,"column":16},"end":{"line":31,"column":17}},"29":{"start":{"line":28,"column":20},"end":{"line":28,"column":64}},"30":{"start":{"line":30,"column":20},"end":{"line":30,"column":90}},"31":{"start":{"line":34,"column":16},"end":{"line":38,"column":17}},"32":{"start":{"line":35,"column":20},"end":{"line":35,"column":55}},"33":{"start":{"line":37,"column":20},"end":{"line":37,"column":90}},"34":{"start":{"line":43,"column":4},"end":{"line":43,"column":19}},"35":{"start":{"line":46,"column":0},"end":{"line":46,"column":26}}},"branchMap":{"1":{"line":7,"type":"binary-expr","locations":[{"start":{"line":7,"column":168},"end":{"line":7,"column":189}},{"start":{"line":7,"column":193},"end":{"line":7,"column":198}}]},"2":{"line":7,"type":"if","locations":[{"start":{"line":7,"column":232},"end":{"line":7,"column":232}},{"start":{"line":7,"column":232},"end":{"line":7,"column":232}}]},"3":{"line":7,"type":"if","locations":[{"start":{"line":7,"column":407},"end":{"line":7,"column":407}},{"start":{"line":7,"column":407},"end":{"line":7,"column":407}}]},"4":{"line":7,"type":"if","locations":[{"start":{"line":7,"column":476},"end":{"line":7,"column":476}},{"start":{"line":7,"column":476},"end":{"line":7,"column":476}}]},"5":{"line":9,"type":"if","locations":[{"start":{"line":9,"column":50},"end":{"line":9,"column":50}},{"start":{"line":9,"column":50},"end":{"line":9,"column":50}}]},"6":{"line":21,"type":"if","locations":[{"start":{"line":21,"column":12},"end":{"line":21,"column":12}},{"start":{"line":21,"column":12},"end":{"line":21,"column":12}}]},"7":{"line":27,"type":"if","locations":[{"start":{"line":27,"column":16},"end":{"line":27,"column":16}},{"start":{"line":27,"column":16},"end":{"line":27,"column":16}}]},"8":{"line":34,"type":"if","locations":[{"start":{"line":34,"column":16},"end":{"line":34,"column":16}},{"start":{"line":34,"column":16},"end":{"line":34,"column":16}}]}}},"/Users/jaredjbarnes/Documents/programming-patterns/lib/builder/QueryBuilder.js":{"path":"/Users/jaredjbarnes/Documents/programming-patterns/lib/builder/QueryBuilder.js","s":{"1":1,"2":1,"3":1,"4":1,"5":4,"6":4,"7":4,"8":4,"9":4,"10":4,"11":1,"12":1,"13":1,"14":1,"15":0,"16":1,"17":1,"18":1,"19":1,"20":1,"21":1,"22":2,"23":1,"24":3,"25":0,"26":1,"27":1,"28":3,"29":3,"30":3,"31":3,"32":1,"33":2,"34":1,"35":1,"36":1,"37":1,"38":2,"39":1,"40":1,"41":1,"42":1,"43":0,"44":1,"45":6,"46":3,"47":6,"48":6,"49":2,"50":1,"51":1},"b":{"1":[4,4],"2":[4,0],"3":[1,0],"4":[0,1],"5":[2,0],"6":[2,2],"7":[0,3],"8":[1,1],"9":[2,2],"10":[1,0],"11":[1,1],"12":[3,3]},"f":{"1":1,"2":1,"3":1,"4":2,"5":3,"6":1,"7":3,"8":2,"9":1,"10":6,"11":2},"fnMap":{"1":{"name":"(anonymous_1)","line":7,"loc":{"start":{"line":7,"column":19},"end":{"line":7,"column":31}}},"2":{"name":"defineProperties","line":7,"loc":{"start":{"line":7,"column":33},"end":{"line":7,"column":74}}},"3":{"name":"(anonymous_3)","line":7,"loc":{"start":{"line":7,"column":357},"end":{"line":7,"column":405}}},"4":{"name":"_interopRequireDefault","line":17,"loc":{"start":{"line":17,"column":0},"end":{"line":17,"column":37}}},"5":{"name":"_classCallCheck","line":19,"loc":{"start":{"line":19,"column":0},"end":{"line":19,"column":48}}},"6":{"name":"(anonymous_6)","line":21,"loc":{"start":{"line":21,"column":19},"end":{"line":21,"column":31}}},"7":{"name":"QueryBuilder","line":22,"loc":{"start":{"line":22,"column":4},"end":{"line":22,"column":32}}},"8":{"name":"and","line":32,"loc":{"start":{"line":32,"column":15},"end":{"line":32,"column":30}}},"9":{"name":"or","line":47,"loc":{"start":{"line":47,"column":15},"end":{"line":47,"column":29}}},"10":{"name":"isProperty","line":62,"loc":{"start":{"line":62,"column":15},"end":{"line":62,"column":49}}},"11":{"name":"getQuery","line":72,"loc":{"start":{"line":72,"column":15},"end":{"line":72,"column":35}}}},"statementMap":{"1":{"start":{"line":3,"column":0},"end":{"line":5,"column":3}},"2":{"start":{"line":7,"column":0},"end":{"line":7,"column":564}},"3":{"start":{"line":7,"column":33},"end":{"line":7,"column":349}},"4":{"start":{"line":7,"column":76},"end":{"line":7,"column":347}},"5":{"start":{"line":7,"column":117},"end":{"line":7,"column":143}},"6":{"start":{"line":7,"column":144},"end":{"line":7,"column":199}},"7":{"start":{"line":7,"column":200},"end":{"line":7,"column":231}},"8":{"start":{"line":7,"column":232},"end":{"line":7,"column":286}},"9":{"start":{"line":7,"column":259},"end":{"line":7,"column":286}},"10":{"start":{"line":7,"column":287},"end":{"line":7,"column":345}},"11":{"start":{"line":7,"column":350},"end":{"line":7,"column":559}},"12":{"start":{"line":7,"column":407},"end":{"line":7,"column":475}},"13":{"start":{"line":7,"column":423},"end":{"line":7,"column":475}},"14":{"start":{"line":7,"column":476},"end":{"line":7,"column":536}},"15":{"start":{"line":7,"column":493},"end":{"line":7,"column":536}},"16":{"start":{"line":7,"column":537},"end":{"line":7,"column":556}},"17":{"start":{"line":9,"column":0},"end":{"line":9,"column":55}},"18":{"start":{"line":11,"column":0},"end":{"line":11,"column":59}},"19":{"start":{"line":13,"column":0},"end":{"line":13,"column":54}},"20":{"start":{"line":15,"column":0},"end":{"line":15,"column":67}},"21":{"start":{"line":17,"column":0},"end":{"line":17,"column":95}},"22":{"start":{"line":17,"column":39},"end":{"line":17,"column":93}},"23":{"start":{"line":19,"column":0},"end":{"line":19,"column":153}},"24":{"start":{"line":19,"column":50},"end":{"line":19,"column":151}},"25":{"start":{"line":19,"column":92},"end":{"line":19,"column":149}},"26":{"start":{"line":21,"column":0},"end":{"line":78,"column":4}},"27":{"start":{"line":22,"column":4},"end":{"line":28,"column":5}},"28":{"start":{"line":23,"column":8},"end":{"line":23,"column":44}},"29":{"start":{"line":25,"column":8},"end":{"line":25,"column":25}},"30":{"start":{"line":26,"column":8},"end":{"line":26,"column":29}},"31":{"start":{"line":27,"column":8},"end":{"line":27,"column":52}},"32":{"start":{"line":30,"column":4},"end":{"line":75,"column":8}},"33":{"start":{"line":33,"column":12},"end":{"line":41,"column":13}},"34":{"start":{"line":35,"column":16},"end":{"line":35,"column":56}},"35":{"start":{"line":37,"column":16},"end":{"line":37,"column":50}},"36":{"start":{"line":38,"column":16},"end":{"line":38,"column":37}},"37":{"start":{"line":40,"column":16},"end":{"line":40,"column":61}},"38":{"start":{"line":43,"column":12},"end":{"line":43,"column":24}},"39":{"start":{"line":48,"column":12},"end":{"line":56,"column":13}},"40":{"start":{"line":50,"column":16},"end":{"line":50,"column":55}},"41":{"start":{"line":52,"column":16},"end":{"line":52,"column":50}},"42":{"start":{"line":53,"column":16},"end":{"line":53,"column":37}},"43":{"start":{"line":55,"column":16},"end":{"line":55,"column":60}},"44":{"start":{"line":58,"column":12},"end":{"line":58,"column":24}},"45":{"start":{"line":63,"column":12},"end":{"line":65,"column":13}},"46":{"start":{"line":64,"column":16},"end":{"line":64,"column":61}},"47":{"start":{"line":67,"column":12},"end":{"line":67,"column":92}},"48":{"start":{"line":68,"column":12},"end":{"line":68,"column":27}},"49":{"start":{"line":73,"column":12},"end":{"line":73,"column":33}},"50":{"start":{"line":77,"column":4},"end":{"line":77,"column":24}},"51":{"start":{"line":80,"column":0},"end":{"line":80,"column":31}}},"branchMap":{"1":{"line":7,"type":"binary-expr","locations":[{"start":{"line":7,"column":168},"end":{"line":7,"column":189}},{"start":{"line":7,"column":193},"end":{"line":7,"column":198}}]},"2":{"line":7,"type":"if","locations":[{"start":{"line":7,"column":232},"end":{"line":7,"column":232}},{"start":{"line":7,"column":232},"end":{"line":7,"column":232}}]},"3":{"line":7,"type":"if","locations":[{"start":{"line":7,"column":407},"end":{"line":7,"column":407}},{"start":{"line":7,"column":407},"end":{"line":7,"column":407}}]},"4":{"line":7,"type":"if","locations":[{"start":{"line":7,"column":476},"end":{"line":7,"column":476}},{"start":{"line":7,"column":476},"end":{"line":7,"column":476}}]},"5":{"line":17,"type":"cond-expr","locations":[{"start":{"line":17,"column":70},"end":{"line":17,"column":73}},{"start":{"line":17,"column":76},"end":{"line":17,"column":92}}]},"6":{"line":17,"type":"binary-expr","locations":[{"start":{"line":17,"column":46},"end":{"line":17,"column":49}},{"start":{"line":17,"column":53},"end":{"line":17,"column":67}}]},"7":{"line":19,"type":"if","locations":[{"start":{"line":19,"column":50},"end":{"line":19,"column":50}},{"start":{"line":19,"column":50},"end":{"line":19,"column":50}}]},"8":{"line":33,"type":"if","locations":[{"start":{"line":33,"column":12},"end":{"line":33,"column":12}},{"start":{"line":33,"column":12},"end":{"line":33,"column":12}}]},"9":{"line":33,"type":"binary-expr","locations":[{"start":{"line":33,"column":16},"end":{"line":33,"column":29}},{"start":{"line":33,"column":33},"end":{"line":33,"column":61}}]},"10":{"line":48,"type":"if","locations":[{"start":{"line":48,"column":12},"end":{"line":48,"column":12}},{"start":{"line":48,"column":12},"end":{"line":48,"column":12}}]},"11":{"line":48,"type":"binary-expr","locations":[{"start":{"line":48,"column":16},"end":{"line":48,"column":29}},{"start":{"line":48,"column":33},"end":{"line":48,"column":60}}]},"12":{"line":63,"type":"if","locations":[{"start":{"line":63,"column":12},"end":{"line":63,"column":12}},{"start":{"line":63,"column":12},"end":{"line":63,"column":12}}]}}},"/Users/jaredjbarnes/Documents/programming-patterns/lib/factory/QueryFactory.js":{"path":"/Users/jaredjbarnes/Documents/programming-patterns/lib/factory/QueryFactory.js","s":{"1":1,"2":1,"3":1,"4":1,"5":11,"6":11,"7":11,"8":11,"9":11,"10":11,"11":1,"12":1,"13":1,"14":1,"15":0,"16":1,"17":1,"18":1,"19":1,"20":1,"21":1,"22":2,"23":1,"24":9,"25":0,"26":1,"27":1,"28":9,"29":1,"30":5,"31":1,"32":0,"33":6,"34":0,"35":0,"36":0,"37":0,"38":0,"39":6,"40":6,"41":6,"42":6,"43":6,"44":6,"45":6,"46":0,"47":0,"48":0,"49":0,"50":0,"51":0,"52":0,"53":0,"54":0,"55":1,"56":1},"b":{"1":[11,11],"2":[11,0],"3":[1,0],"4":[0,1],"5":[2,0],"6":[2,2],"7":[0,9],"8":[6,0],"9":[0,0],"10":[0,0],"11":[0,0],"12":[0,0],"13":[0,0]},"f":{"1":1,"2":1,"3":1,"4":2,"5":9,"6":1,"7":9,"8":5,"9":1,"10":0,"11":6,"12":0,"13":0,"14":0,"15":0,"16":0,"17":6,"18":6},"fnMap":{"1":{"name":"(anonymous_1)","line":7,"loc":{"start":{"line":7,"column":19},"end":{"line":7,"column":31}}},"2":{"name":"defineProperties","line":7,"loc":{"start":{"line":7,"column":33},"end":{"line":7,"column":74}}},"3":{"name":"(anonymous_3)","line":7,"loc":{"start":{"line":7,"column":357},"end":{"line":7,"column":405}}},"4":{"name":"_interopRequireDefault","line":17,"loc":{"start":{"line":17,"column":0},"end":{"line":17,"column":37}}},"5":{"name":"_classCallCheck","line":19,"loc":{"start":{"line":19,"column":0},"end":{"line":19,"column":48}}},"6":{"name":"(anonymous_6)","line":21,"loc":{"start":{"line":21,"column":19},"end":{"line":21,"column":31}}},"7":{"name":"QueryFactory","line":22,"loc":{"start":{"line":22,"column":4},"end":{"line":22,"column":28}}},"8":{"name":"createAndNode","line":28,"loc":{"start":{"line":28,"column":15},"end":{"line":28,"column":40}}},"9":{"name":"createOrNode","line":33,"loc":{"start":{"line":33,"column":15},"end":{"line":33,"column":39}}},"10":{"name":"createContainsNode","line":38,"loc":{"start":{"line":38,"column":15},"end":{"line":38,"column":45}}},"11":{"name":"createIsEqualToNode","line":43,"loc":{"start":{"line":43,"column":15},"end":{"line":43,"column":46}}},"12":{"name":"createIsNotEqualToNode","line":48,"loc":{"start":{"line":48,"column":15},"end":{"line":48,"column":49}}},"13":{"name":"createIsGreaterThanNode","line":53,"loc":{"start":{"line":53,"column":15},"end":{"line":53,"column":50}}},"14":{"name":"createIsLessThanNode","line":58,"loc":{"start":{"line":58,"column":15},"end":{"line":58,"column":47}}},"15":{"name":"createIsGreaterThanOrEqualToNode","line":63,"loc":{"start":{"line":63,"column":15},"end":{"line":63,"column":59}}},"16":{"name":"createIsLessThanOrEqualToNode","line":68,"loc":{"start":{"line":68,"column":15},"end":{"line":68,"column":56}}},"17":{"name":"createPropertyNode","line":73,"loc":{"start":{"line":73,"column":15},"end":{"line":73,"column":55}}},"18":{"name":"createValueNode","line":85,"loc":{"start":{"line":85,"column":15},"end":{"line":85,"column":47}}}},"statementMap":{"1":{"start":{"line":3,"column":0},"end":{"line":5,"column":3}},"2":{"start":{"line":7,"column":0},"end":{"line":7,"column":564}},"3":{"start":{"line":7,"column":33},"end":{"line":7,"column":349}},"4":{"start":{"line":7,"column":76},"end":{"line":7,"column":347}},"5":{"start":{"line":7,"column":117},"end":{"line":7,"column":143}},"6":{"start":{"line":7,"column":144},"end":{"line":7,"column":199}},"7":{"start":{"line":7,"column":200},"end":{"line":7,"column":231}},"8":{"start":{"line":7,"column":232},"end":{"line":7,"column":286}},"9":{"start":{"line":7,"column":259},"end":{"line":7,"column":286}},"10":{"start":{"line":7,"column":287},"end":{"line":7,"column":345}},"11":{"start":{"line":7,"column":350},"end":{"line":7,"column":559}},"12":{"start":{"line":7,"column":407},"end":{"line":7,"column":475}},"13":{"start":{"line":7,"column":423},"end":{"line":7,"column":475}},"14":{"start":{"line":7,"column":476},"end":{"line":7,"column":536}},"15":{"start":{"line":7,"column":493},"end":{"line":7,"column":536}},"16":{"start":{"line":7,"column":537},"end":{"line":7,"column":556}},"17":{"start":{"line":9,"column":0},"end":{"line":9,"column":51}},"18":{"start":{"line":11,"column":0},"end":{"line":11,"column":53}},"19":{"start":{"line":13,"column":0},"end":{"line":13,"column":59}},"20":{"start":{"line":15,"column":0},"end":{"line":15,"column":61}},"21":{"start":{"line":17,"column":0},"end":{"line":17,"column":95}},"22":{"start":{"line":17,"column":39},"end":{"line":17,"column":93}},"23":{"start":{"line":19,"column":0},"end":{"line":19,"column":153}},"24":{"start":{"line":19,"column":50},"end":{"line":19,"column":151}},"25":{"start":{"line":19,"column":92},"end":{"line":19,"column":149}},"26":{"start":{"line":21,"column":0},"end":{"line":110,"column":4}},"27":{"start":{"line":22,"column":4},"end":{"line":24,"column":5}},"28":{"start":{"line":23,"column":8},"end":{"line":23,"column":44}},"29":{"start":{"line":26,"column":4},"end":{"line":107,"column":8}},"30":{"start":{"line":29,"column":12},"end":{"line":29,"column":54}},"31":{"start":{"line":34,"column":12},"end":{"line":34,"column":53}},"32":{"start":{"line":39,"column":12},"end":{"line":39,"column":59}},"33":{"start":{"line":44,"column":12},"end":{"line":44,"column":60}},"34":{"start":{"line":49,"column":12},"end":{"line":49,"column":63}},"35":{"start":{"line":54,"column":12},"end":{"line":54,"column":64}},"36":{"start":{"line":59,"column":12},"end":{"line":59,"column":61}},"37":{"start":{"line":64,"column":12},"end":{"line":64,"column":73}},"38":{"start":{"line":69,"column":12},"end":{"line":69,"column":70}},"39":{"start":{"line":74,"column":12},"end":{"line":74,"column":71}},"40":{"start":{"line":76,"column":12},"end":{"line":76,"column":65}},"41":{"start":{"line":77,"column":12},"end":{"line":77,"column":73}},"42":{"start":{"line":79,"column":12},"end":{"line":79,"column":59}},"43":{"start":{"line":81,"column":12},"end":{"line":81,"column":32}},"44":{"start":{"line":87,"column":12},"end":{"line":105,"column":13}},"45":{"start":{"line":89,"column":16},"end":{"line":89,"column":64}},"46":{"start":{"line":90,"column":19},"end":{"line":105,"column":13}},"47":{"start":{"line":92,"column":16},"end":{"line":92,"column":65}},"48":{"start":{"line":93,"column":19},"end":{"line":105,"column":13}},"49":{"start":{"line":95,"column":16},"end":{"line":95,"column":64}},"50":{"start":{"line":96,"column":19},"end":{"line":105,"column":13}},"51":{"start":{"line":98,"column":16},"end":{"line":98,"column":63}},"52":{"start":{"line":99,"column":19},"end":{"line":105,"column":13}},"53":{"start":{"line":101,"column":16},"end":{"line":101,"column":64}},"54":{"start":{"line":104,"column":16},"end":{"line":104,"column":55}},"55":{"start":{"line":109,"column":4},"end":{"line":109,"column":24}},"56":{"start":{"line":112,"column":0},"end":{"line":112,"column":31}}},"branchMap":{"1":{"line":7,"type":"binary-expr","locations":[{"start":{"line":7,"column":168},"end":{"line":7,"column":189}},{"start":{"line":7,"column":193},"end":{"line":7,"column":198}}]},"2":{"line":7,"type":"if","locations":[{"start":{"line":7,"column":232},"end":{"line":7,"column":232}},{"start":{"line":7,"column":232},"end":{"line":7,"column":232}}]},"3":{"line":7,"type":"if","locations":[{"start":{"line":7,"column":407},"end":{"line":7,"column":407}},{"start":{"line":7,"column":407},"end":{"line":7,"column":407}}]},"4":{"line":7,"type":"if","locations":[{"start":{"line":7,"column":476},"end":{"line":7,"column":476}},{"start":{"line":7,"column":476},"end":{"line":7,"column":476}}]},"5":{"line":17,"type":"cond-expr","locations":[{"start":{"line":17,"column":70},"end":{"line":17,"column":73}},{"start":{"line":17,"column":76},"end":{"line":17,"column":92}}]},"6":{"line":17,"type":"binary-expr","locations":[{"start":{"line":17,"column":46},"end":{"line":17,"column":49}},{"start":{"line":17,"column":53},"end":{"line":17,"column":67}}]},"7":{"line":19,"type":"if","locations":[{"start":{"line":19,"column":50},"end":{"line":19,"column":50}},{"start":{"line":19,"column":50},"end":{"line":19,"column":50}}]},"8":{"line":87,"type":"if","locations":[{"start":{"line":87,"column":12},"end":{"line":87,"column":12}},{"start":{"line":87,"column":12},"end":{"line":87,"column":12}}]},"9":{"line":90,"type":"if","locations":[{"start":{"line":90,"column":19},"end":{"line":90,"column":19}},{"start":{"line":90,"column":19},"end":{"line":90,"column":19}}]},"10":{"line":93,"type":"if","locations":[{"start":{"line":93,"column":19},"end":{"line":93,"column":19}},{"start":{"line":93,"column":19},"end":{"line":93,"column":19}}]},"11":{"line":96,"type":"if","locations":[{"start":{"line":96,"column":19},"end":{"line":96,"column":19}},{"start":{"line":96,"column":19},"end":{"line":96,"column":19}}]},"12":{"line":99,"type":"if","locations":[{"start":{"line":99,"column":19},"end":{"line":99,"column":19}},{"start":{"line":99,"column":19},"end":{"line":99,"column":19}}]},"13":{"line":99,"type":"binary-expr","locations":[{"start":{"line":99,"column":23},"end":{"line":99,"column":48}},{"start":{"line":99,"column":52},"end":{"line":99,"column":66}}]}}},"/Users/jaredjbarnes/Documents/programming-patterns/lib/composite/ValueNode.js":{"path":"/Users/jaredjbarnes/Documents/programming-patterns/lib/composite/ValueNode.js","s":{"1":1,"2":1,"3":1,"4":1,"5":1,"6":1,"7":18,"8":0,"9":1,"10":18,"11":0,"12":18,"13":1,"14":1,"15":0,"16":1,"17":1,"18":1,"19":1,"20":1,"21":1,"22":18,"23":18,"24":18,"25":18,"26":1,"27":1},"b":{"1":[1,0],"2":[1,1],"3":[0,18],"4":[0,18],"5":[0,18],"6":[18,0,0],"7":[0,1],"8":[1,0],"9":[1,1],"10":[1,0],"11":[1,0],"12":[18,0],"13":[18,4]},"f":{"1":1,"2":18,"3":18,"4":1,"5":1,"6":18},"fnMap":{"1":{"name":"_interopRequireDefault","line":11,"loc":{"start":{"line":11,"column":0},"end":{"line":11,"column":37}}},"2":{"name":"_classCallCheck","line":13,"loc":{"start":{"line":13,"column":0},"end":{"line":13,"column":48}}},"3":{"name":"_possibleConstructorReturn","line":15,"loc":{"start":{"line":15,"column":0},"end":{"line":15,"column":48}}},"4":{"name":"_inherits","line":17,"loc":{"start":{"line":17,"column":0},"end":{"line":17,"column":41}}},"5":{"name":"(anonymous_5)","line":19,"loc":{"start":{"line":19,"column":16},"end":{"line":19,"column":33}}},"6":{"name":"ValueNode","line":22,"loc":{"start":{"line":22,"column":4},"end":{"line":22,"column":36}}}},"statementMap":{"1":{"start":{"line":3,"column":0},"end":{"line":5,"column":3}},"2":{"start":{"line":7,"column":0},"end":{"line":7,"column":31}},"3":{"start":{"line":9,"column":0},"end":{"line":9,"column":44}},"4":{"start":{"line":11,"column":0},"end":{"line":11,"column":95}},"5":{"start":{"line":11,"column":39},"end":{"line":11,"column":93}},"6":{"start":{"line":13,"column":0},"end":{"line":13,"column":153}},"7":{"start":{"line":13,"column":50},"end":{"line":13,"column":151}},"8":{"start":{"line":13,"column":92},"end":{"line":13,"column":149}},"9":{"start":{"line":15,"column":0},"end":{"line":15,"column":240}},"10":{"start":{"line":15,"column":50},"end":{"line":15,"column":151}},"11":{"start":{"line":15,"column":63},"end":{"line":15,"column":149}},"12":{"start":{"line":15,"column":152},"end":{"line":15,"column":238}},"13":{"start":{"line":17,"column":0},"end":{"line":17,"column":494}},"14":{"start":{"line":17,"column":43},"end":{"line":17,"column":208}},"15":{"start":{"line":17,"column":106},"end":{"line":17,"column":206}},"16":{"start":{"line":17,"column":209},"end":{"line":17,"column":373}},"17":{"start":{"line":17,"column":374},"end":{"line":17,"column":492}},"18":{"start":{"line":17,"column":390},"end":{"line":17,"column":492}},"19":{"start":{"line":19,"column":0},"end":{"line":32,"column":18}},"20":{"start":{"line":20,"column":4},"end":{"line":20,"column":32}},"21":{"start":{"line":22,"column":4},"end":{"line":29,"column":5}},"22":{"start":{"line":23,"column":8},"end":{"line":23,"column":41}},"23":{"start":{"line":25,"column":8},"end":{"line":25,"column":129}},"24":{"start":{"line":27,"column":8},"end":{"line":27,"column":36}},"25":{"start":{"line":28,"column":8},"end":{"line":28,"column":21}},"26":{"start":{"line":31,"column":4},"end":{"line":31,"column":21}},"27":{"start":{"line":34,"column":0},"end":{"line":34,"column":28}}},"branchMap":{"1":{"line":11,"type":"cond-expr","locations":[{"start":{"line":11,"column":70},"end":{"line":11,"column":73}},{"start":{"line":11,"column":76},"end":{"line":11,"column":92}}]},"2":{"line":11,"type":"binary-expr","locations":[{"start":{"line":11,"column":46},"end":{"line":11,"column":49}},{"start":{"line":11,"column":53},"end":{"line":11,"column":67}}]},"3":{"line":13,"type":"if","locations":[{"start":{"line":13,"column":50},"end":{"line":13,"column":50}},{"start":{"line":13,"column":50},"end":{"line":13,"column":50}}]},"4":{"line":15,"type":"if","locations":[{"start":{"line":15,"column":50},"end":{"line":15,"column":50}},{"start":{"line":15,"column":50},"end":{"line":15,"column":50}}]},"5":{"line":15,"type":"cond-expr","locations":[{"start":{"line":15,"column":226},"end":{"line":15,"column":230}},{"start":{"line":15,"column":233},"end":{"line":15,"column":237}}]},"6":{"line":15,"type":"binary-expr","locations":[{"start":{"line":15,"column":159},"end":{"line":15,"column":163}},{"start":{"line":15,"column":168},"end":{"line":15,"column":192}},{"start":{"line":15,"column":196},"end":{"line":15,"column":222}}]},"7":{"line":17,"type":"if","locations":[{"start":{"line":17,"column":43},"end":{"line":17,"column":43}},{"start":{"line":17,"column":43},"end":{"line":17,"column":43}}]},"8":{"line":17,"type":"binary-expr","locations":[{"start":{"line":17,"column":47},"end":{"line":17,"column":79}},{"start":{"line":17,"column":83},"end":{"line":17,"column":102}}]},"9":{"line":17,"type":"binary-expr","locations":[{"start":{"line":17,"column":244},"end":{"line":17,"column":254}},{"start":{"line":17,"column":258},"end":{"line":17,"column":278}}]},"10":{"line":17,"type":"if","locations":[{"start":{"line":17,"column":374},"end":{"line":17,"column":374}},{"start":{"line":17,"column":374},"end":{"line":17,"column":374}}]},"11":{"line":17,"type":"cond-expr","locations":[{"start":{"line":17,"column":414},"end":{"line":17,"column":457}},{"start":{"line":17,"column":460},"end":{"line":17,"column":491}}]},"12":{"line":25,"type":"binary-expr","locations":[{"start":{"line":25,"column":54},"end":{"line":25,"column":73}},{"start":{"line":25,"column":77},"end":{"line":25,"column":109}}]},"13":{"line":27,"type":"binary-expr","locations":[{"start":{"line":27,"column":22},"end":{"line":27,"column":27}},{"start":{"line":27,"column":31},"end":{"line":27,"column":35}}]}}},"/Users/jaredjbarnes/Documents/programming-patterns/lib/composite/Node.js":{"path":"/Users/jaredjbarnes/Documents/programming-patterns/lib/composite/Node.js","s":{"1":1,"2":1,"3":36,"4":0,"5":1,"6":36,"7":36,"8":36,"9":1},"b":{"1":[0,36]},"f":{"1":36,"2":36},"fnMap":{"1":{"name":"_classCallCheck","line":7,"loc":{"start":{"line":7,"column":0},"end":{"line":7,"column":48}}},"2":{"name":"Node","line":9,"loc":{"start":{"line":9,"column":11},"end":{"line":9,"column":31}}}},"statementMap":{"1":{"start":{"line":3,"column":0},"end":{"line":5,"column":3}},"2":{"start":{"line":7,"column":0},"end":{"line":7,"column":153}},"3":{"start":{"line":7,"column":50},"end":{"line":7,"column":151}},"4":{"start":{"line":7,"column":92},"end":{"line":7,"column":149}},"5":{"start":{"line":9,"column":0},"end":{"line":14,"column":2}},"6":{"start":{"line":10,"column":4},"end":{"line":10,"column":32}},"7":{"start":{"line":12,"column":4},"end":{"line":12,"column":21}},"8":{"start":{"line":13,"column":4},"end":{"line":13,"column":29}},"9":{"start":{"line":16,"column":0},"end":{"line":16,"column":23}}},"branchMap":{"1":{"line":7,"type":"if","locations":[{"start":{"line":7,"column":50},"end":{"line":7,"column":50}},{"start":{"line":7,"column":50},"end":{"line":7,"column":50}}]}}},"/Users/jaredjbarnes/Documents/programming-patterns/lib/composite/CompositeNode.js":{"path":"/Users/jaredjbarnes/Documents/programming-patterns/lib/composite/CompositeNode.js","s":{"1":1,"2":1,"3":1,"4":1,"5":1,"6":1,"7":18,"8":0,"9":1,"10":18,"11":0,"12":18,"13":1,"14":1,"15":0,"16":1,"17":1,"18":1,"19":1,"20":1,"21":1,"22":18,"23":18,"24":18,"25":18,"26":18,"27":1,"28":1},"b":{"1":[1,0],"2":[1,1],"3":[0,18],"4":[0,18],"5":[0,18],"6":[18,0,0],"7":[0,1],"8":[1,0],"9":[1,1],"10":[1,0],"11":[1,0],"12":[18,0]},"f":{"1":1,"2":18,"3":18,"4":1,"5":1,"6":18},"fnMap":{"1":{"name":"_interopRequireDefault","line":11,"loc":{"start":{"line":11,"column":0},"end":{"line":11,"column":37}}},"2":{"name":"_classCallCheck","line":13,"loc":{"start":{"line":13,"column":0},"end":{"line":13,"column":48}}},"3":{"name":"_possibleConstructorReturn","line":15,"loc":{"start":{"line":15,"column":0},"end":{"line":15,"column":48}}},"4":{"name":"_inherits","line":17,"loc":{"start":{"line":17,"column":0},"end":{"line":17,"column":41}}},"5":{"name":"(anonymous_5)","line":19,"loc":{"start":{"line":19,"column":20},"end":{"line":19,"column":37}}},"6":{"name":"CompositeNode","line":22,"loc":{"start":{"line":22,"column":4},"end":{"line":22,"column":33}}}},"statementMap":{"1":{"start":{"line":3,"column":0},"end":{"line":5,"column":3}},"2":{"start":{"line":7,"column":0},"end":{"line":7,"column":31}},"3":{"start":{"line":9,"column":0},"end":{"line":9,"column":44}},"4":{"start":{"line":11,"column":0},"end":{"line":11,"column":95}},"5":{"start":{"line":11,"column":39},"end":{"line":11,"column":93}},"6":{"start":{"line":13,"column":0},"end":{"line":13,"column":153}},"7":{"start":{"line":13,"column":50},"end":{"line":13,"column":151}},"8":{"start":{"line":13,"column":92},"end":{"line":13,"column":149}},"9":{"start":{"line":15,"column":0},"end":{"line":15,"column":240}},"10":{"start":{"line":15,"column":50},"end":{"line":15,"column":151}},"11":{"start":{"line":15,"column":63},"end":{"line":15,"column":149}},"12":{"start":{"line":15,"column":152},"end":{"line":15,"column":238}},"13":{"start":{"line":17,"column":0},"end":{"line":17,"column":494}},"14":{"start":{"line":17,"column":43},"end":{"line":17,"column":208}},"15":{"start":{"line":17,"column":106},"end":{"line":17,"column":206}},"16":{"start":{"line":17,"column":209},"end":{"line":17,"column":373}},"17":{"start":{"line":17,"column":374},"end":{"line":17,"column":492}},"18":{"start":{"line":17,"column":390},"end":{"line":17,"column":492}},"19":{"start":{"line":19,"column":0},"end":{"line":33,"column":18}},"20":{"start":{"line":20,"column":4},"end":{"line":20,"column":36}},"21":{"start":{"line":22,"column":4},"end":{"line":30,"column":5}},"22":{"start":{"line":23,"column":8},"end":{"line":23,"column":45}},"23":{"start":{"line":25,"column":8},"end":{"line":25,"column":137}},"24":{"start":{"line":27,"column":8},"end":{"line":27,"column":33}},"25":{"start":{"line":28,"column":8},"end":{"line":28,"column":28}},"26":{"start":{"line":29,"column":8},"end":{"line":29,"column":21}},"27":{"start":{"line":32,"column":4},"end":{"line":32,"column":25}},"28":{"start":{"line":35,"column":0},"end":{"line":35,"column":32}}},"branchMap":{"1":{"line":11,"type":"cond-expr","locations":[{"start":{"line":11,"column":70},"end":{"line":11,"column":73}},{"start":{"line":11,"column":76},"end":{"line":11,"column":92}}]},"2":{"line":11,"type":"binary-expr","locations":[{"start":{"line":11,"column":46},"end":{"line":11,"column":49}},{"start":{"line":11,"column":53},"end":{"line":11,"column":67}}]},"3":{"line":13,"type":"if","locations":[{"start":{"line":13,"column":50},"end":{"line":13,"column":50}},{"start":{"line":13,"column":50},"end":{"line":13,"column":50}}]},"4":{"line":15,"type":"if","locations":[{"start":{"line":15,"column":50},"end":{"line":15,"column":50}},{"start":{"line":15,"column":50},"end":{"line":15,"column":50}}]},"5":{"line":15,"type":"cond-expr","locations":[{"start":{"line":15,"column":226},"end":{"line":15,"column":230}},{"start":{"line":15,"column":233},"end":{"line":15,"column":237}}]},"6":{"line":15,"type":"binary-expr","locations":[{"start":{"line":15,"column":159},"end":{"line":15,"column":163}},{"start":{"line":15,"column":168},"end":{"line":15,"column":192}},{"start":{"line":15,"column":196},"end":{"line":15,"column":222}}]},"7":{"line":17,"type":"if","locations":[{"start":{"line":17,"column":43},"end":{"line":17,"column":43}},{"start":{"line":17,"column":43},"end":{"line":17,"column":43}}]},"8":{"line":17,"type":"binary-expr","locations":[{"start":{"line":17,"column":47},"end":{"line":17,"column":79}},{"start":{"line":17,"column":83},"end":{"line":17,"column":102}}]},"9":{"line":17,"type":"binary-expr","locations":[{"start":{"line":17,"column":244},"end":{"line":17,"column":254}},{"start":{"line":17,"column":258},"end":{"line":17,"column":278}}]},"10":{"line":17,"type":"if","locations":[{"start":{"line":17,"column":374},"end":{"line":17,"column":374}},{"start":{"line":17,"column":374},"end":{"line":17,"column":374}}]},"11":{"line":17,"type":"cond-expr","locations":[{"start":{"line":17,"column":414},"end":{"line":17,"column":457}},{"start":{"line":17,"column":460},"end":{"line":17,"column":491}}]},"12":{"line":25,"type":"binary-expr","locations":[{"start":{"line":25,"column":54},"end":{"line":25,"column":77}},{"start":{"line":25,"column":81},"end":{"line":25,"column":117}}]}}},"/Users/jaredjbarnes/Documents/programming-patterns/lib/builder/OperationBuilder.js":{"path":"/Users/jaredjbarnes/Documents/programming-patterns/lib/builder/OperationBuilder.js","s":{"1":1,"2":1,"3":1,"4":1,"5":8,"6":8,"7":8,"8":8,"9":8,"10":8,"11":1,"12":1,"13":1,"14":1,"15":0,"16":1,"17":1,"18":1,"19":1,"20":1,"21":1,"22":6,"23":0,"24":1,"25":1,"26":6,"27":6,"28":6,"29":6,"30":6,"31":1,"32":0,"33":0,"34":0,"35":0,"36":0,"37":0,"38":0,"39":6,"40":6,"41":6,"42":6,"43":6,"44":6,"45":0,"46":0,"47":0,"48":0,"49":0,"50":0,"51":0,"52":0,"53":0,"54":0,"55":0,"56":0,"57":0,"58":0,"59":0,"60":0,"61":0,"62":0,"63":0,"64":0,"65":0,"66":0,"67":0,"68":0,"69":0,"70":0,"71":0,"72":0,"73":0,"74":0,"75":1,"76":1},"b":{"1":[8,8],"2":[8,0],"3":[1,0],"4":[0,1],"5":[1,0],"6":[1,1],"7":[0,6]},"f":{"1":1,"2":1,"3":1,"4":1,"5":6,"6":1,"7":6,"8":0,"9":0,"10":6,"11":0,"12":0,"13":0,"14":0,"15":0},"fnMap":{"1":{"name":"(anonymous_1)","line":7,"loc":{"start":{"line":7,"column":19},"end":{"line":7,"column":31}}},"2":{"name":"defineProperties","line":7,"loc":{"start":{"line":7,"column":33},"end":{"line":7,"column":74}}},"3":{"name":"(anonymous_3)","line":7,"loc":{"start":{"line":7,"column":357},"end":{"line":7,"column":405}}},"4":{"name":"_interopRequireDefault","line":13,"loc":{"start":{"line":13,"column":0},"end":{"line":13,"column":37}}},"5":{"name":"_classCallCheck","line":15,"loc":{"start":{"line":15,"column":0},"end":{"line":15,"column":48}}},"6":{"name":"(anonymous_6)","line":17,"loc":{"start":{"line":17,"column":23},"end":{"line":17,"column":35}}},"7":{"name":"OperationBuilder","line":18,"loc":{"start":{"line":18,"column":4},"end":{"line":18,"column":68}}},"8":{"name":"getQuery","line":29,"loc":{"start":{"line":29,"column":15},"end":{"line":29,"column":35}}},"9":{"name":"contains","line":34,"loc":{"start":{"line":34,"column":15},"end":{"line":34,"column":40}}},"10":{"name":"equalTo","line":46,"loc":{"start":{"line":46,"column":15},"end":{"line":46,"column":39}}},"11":{"name":"notEqualTo","line":58,"loc":{"start":{"line":58,"column":15},"end":{"line":58,"column":42}}},"12":{"name":"greaterThan","line":70,"loc":{"start":{"line":70,"column":15},"end":{"line":70,"column":43}}},"13":{"name":"greaterThanOrEqualTo","line":82,"loc":{"start":{"line":82,"column":15},"end":{"line":82,"column":52}}},"14":{"name":"lessThan","line":94,"loc":{"start":{"line":94,"column":15},"end":{"line":94,"column":40}}},"15":{"name":"lessThanOrEqualTo","line":106,"loc":{"start":{"line":106,"column":15},"end":{"line":106,"column":49}}}},"statementMap":{"1":{"start":{"line":3,"column":0},"end":{"line":5,"column":3}},"2":{"start":{"line":7,"column":0},"end":{"line":7,"column":564}},"3":{"start":{"line":7,"column":33},"end":{"line":7,"column":349}},"4":{"start":{"line":7,"column":76},"end":{"line":7,"column":347}},"5":{"start":{"line":7,"column":117},"end":{"line":7,"column":143}},"6":{"start":{"line":7,"column":144},"end":{"line":7,"column":199}},"7":{"start":{"line":7,"column":200},"end":{"line":7,"column":231}},"8":{"start":{"line":7,"column":232},"end":{"line":7,"column":286}},"9":{"start":{"line":7,"column":259},"end":{"line":7,"column":286}},"10":{"start":{"line":7,"column":287},"end":{"line":7,"column":345}},"11":{"start":{"line":7,"column":350},"end":{"line":7,"column":559}},"12":{"start":{"line":7,"column":407},"end":{"line":7,"column":475}},"13":{"start":{"line":7,"column":423},"end":{"line":7,"column":475}},"14":{"start":{"line":7,"column":476},"end":{"line":7,"column":536}},"15":{"start":{"line":7,"column":493},"end":{"line":7,"column":536}},"16":{"start":{"line":7,"column":537},"end":{"line":7,"column":556}},"17":{"start":{"line":9,"column":0},"end":{"line":9,"column":55}},"18":{"start":{"line":11,"column":0},"end":{"line":11,"column":59}},"19":{"start":{"line":13,"column":0},"end":{"line":13,"column":95}},"20":{"start":{"line":13,"column":39},"end":{"line":13,"column":93}},"21":{"start":{"line":15,"column":0},"end":{"line":15,"column":153}},"22":{"start":{"line":15,"column":50},"end":{"line":15,"column":151}},"23":{"start":{"line":15,"column":92},"end":{"line":15,"column":149}},"24":{"start":{"line":17,"column":0},"end":{"line":119,"column":4}},"25":{"start":{"line":18,"column":4},"end":{"line":25,"column":5}},"26":{"start":{"line":19,"column":8},"end":{"line":19,"column":48}},"27":{"start":{"line":21,"column":8},"end":{"line":21,"column":52}},"28":{"start":{"line":22,"column":8},"end":{"line":22,"column":33}},"29":{"start":{"line":23,"column":8},"end":{"line":23,"column":41}},"30":{"start":{"line":24,"column":8},"end":{"line":24,"column":41}},"31":{"start":{"line":27,"column":4},"end":{"line":116,"column":8}},"32":{"start":{"line":30,"column":12},"end":{"line":30,"column":33}},"33":{"start":{"line":35,"column":12},"end":{"line":35,"column":57}},"34":{"start":{"line":36,"column":12},"end":{"line":36,"column":64}},"35":{"start":{"line":37,"column":12},"end":{"line":37,"column":106}},"36":{"start":{"line":39,"column":12},"end":{"line":39,"column":56}},"37":{"start":{"line":40,"column":12},"end":{"line":40,"column":46}},"38":{"start":{"line":42,"column":12},"end":{"line":42,"column":37}},"39":{"start":{"line":47,"column":12},"end":{"line":47,"column":58}},"40":{"start":{"line":48,"column":12},"end":{"line":48,"column":64}},"41":{"start":{"line":49,"column":12},"end":{"line":49,"column":106}},"42":{"start":{"line":51,"column":12},"end":{"line":51,"column":56}},"43":{"start":{"line":52,"column":12},"end":{"line":52,"column":46}},"44":{"start":{"line":54,"column":12},"end":{"line":54,"column":37}},"45":{"start":{"line":59,"column":12},"end":{"line":59,"column":61}},"46":{"start":{"line":60,"column":12},"end":{"line":60,"column":64}},"47":{"start":{"line":61,"column":12},"end":{"line":61,"column":106}},"48":{"start":{"line":63,"column":12},"end":{"line":63,"column":56}},"49":{"start":{"line":64,"column":12},"end":{"line":64,"column":46}},"50":{"start":{"line":66,"column":12},"end":{"line":66,"column":37}},"51":{"start":{"line":71,"column":12},"end":{"line":71,"column":62}},"52":{"start":{"line":72,"column":12},"end":{"line":72,"column":64}},"53":{"start":{"line":73,"column":12},"end":{"line":73,"column":106}},"54":{"start":{"line":75,"column":12},"end":{"line":75,"column":56}},"55":{"start":{"line":76,"column":12},"end":{"line":76,"column":46}},"56":{"start":{"line":78,"column":12},"end":{"line":78,"column":37}},"57":{"start":{"line":83,"column":12},"end":{"line":83,"column":71}},"58":{"start":{"line":84,"column":12},"end":{"line":84,"column":64}},"59":{"start":{"line":85,"column":12},"end":{"line":85,"column":106}},"60":{"start":{"line":87,"column":12},"end":{"line":87,"column":56}},"61":{"start":{"line":88,"column":12},"end":{"line":88,"column":46}},"62":{"start":{"line":90,"column":12},"end":{"line":90,"column":37}},"63":{"start":{"line":95,"column":12},"end":{"line":95,"column":59}},"64":{"start":{"line":96,"column":12},"end":{"line":96,"column":64}},"65":{"start":{"line":97,"column":12},"end":{"line":97,"column":106}},"66":{"start":{"line":99,"column":12},"end":{"line":99,"column":56}},"67":{"start":{"line":100,"column":12},"end":{"line":100,"column":46}},"68":{"start":{"line":102,"column":12},"end":{"line":102,"column":37}},"69":{"start":{"line":107,"column":12},"end":{"line":107,"column":68}},"70":{"start":{"line":108,"column":12},"end":{"line":108,"column":64}},"71":{"start":{"line":109,"column":12},"end":{"line":109,"column":106}},"72":{"start":{"line":111,"column":12},"end":{"line":111,"column":56}},"73":{"start":{"line":112,"column":12},"end":{"line":112,"column":46}},"74":{"start":{"line":114,"column":12},"end":{"line":114,"column":37}},"75":{"start":{"line":118,"column":4},"end":{"line":118,"column":28}},"76":{"start":{"line":121,"column":0},"end":{"line":121,"column":35}}},"branchMap":{"1":{"line":7,"type":"binary-expr","locations":[{"start":{"line":7,"column":168},"end":{"line":7,"column":189}},{"start":{"line":7,"column":193},"end":{"line":7,"column":198}}]},"2":{"line":7,"type":"if","locations":[{"start":{"line":7,"column":232},"end":{"line":7,"column":232}},{"start":{"line":7,"column":232},"end":{"line":7,"column":232}}]},"3":{"line":7,"type":"if","locations":[{"start":{"line":7,"column":407},"end":{"line":7,"column":407}},{"start":{"line":7,"column":407},"end":{"line":7,"column":407}}]},"4":{"line":7,"type":"if","locations":[{"start":{"line":7,"column":476},"end":{"line":7,"column":476}},{"start":{"line":7,"column":476},"end":{"line":7,"column":476}}]},"5":{"line":13,"type":"cond-expr","locations":[{"start":{"line":13,"column":70},"end":{"line":13,"column":73}},{"start":{"line":13,"column":76},"end":{"line":13,"column":92}}]},"6":{"line":13,"type":"binary-expr","locations":[{"start":{"line":13,"column":46},"end":{"line":13,"column":49}},{"start":{"line":13,"column":53},"end":{"line":13,"column":67}}]},"7":{"line":15,"type":"if","locations":[{"start":{"line":15,"column":50},"end":{"line":15,"column":50}},{"start":{"line":15,"column":50},"end":{"line":15,"column":50}}]}}},"/Users/jaredjbarnes/Documents/programming-patterns/lib/observable/Person.js":{"path":"/Users/jaredjbarnes/Documents/programming-patterns/lib/observable/Person.js","s":{"1":1,"2":1,"3":1,"4":1,"5":2,"6":2,"7":2,"8":2,"9":0,"10":2,"11":1,"12":1,"13":1,"14":1,"15":0,"16":1,"17":1,"18":1,"19":1,"20":1,"21":1,"22":1,"23":0,"24":1,"25":1,"26":0,"27":1,"28":1,"29":1,"30":0,"31":1,"32":1,"33":1,"34":1,"35":1,"36":1,"37":1,"38":1,"39":1,"40":1,"41":1,"42":1,"43":0,"44":3,"45":3,"46":3,"47":0,"48":1,"49":1,"50":1,"51":1,"52":1},"b":{"1":[2,2],"2":[0,2],"3":[1,0],"4":[0,1],"5":[1,0],"6":[1,1],"7":[0,1],"8":[0,1],"9":[0,1],"10":[1,0,0],"11":[0,1],"12":[1,0],"13":[1,1],"14":[1,0],"15":[1,0],"16":[1,0]},"f":{"1":1,"2":1,"3":1,"4":1,"5":1,"6":1,"7":1,"8":1,"9":1,"10":0,"11":3,"12":0,"13":1},"fnMap":{"1":{"name":"(anonymous_1)","line":7,"loc":{"start":{"line":7,"column":19},"end":{"line":7,"column":31}}},"2":{"name":"defineProperties","line":7,"loc":{"start":{"line":7,"column":33},"end":{"line":7,"column":74}}},"3":{"name":"(anonymous_3)","line":7,"loc":{"start":{"line":7,"column":357},"end":{"line":7,"column":405}}},"4":{"name":"_interopRequireDefault","line":13,"loc":{"start":{"line":13,"column":0},"end":{"line":13,"column":37}}},"5":{"name":"_classCallCheck","line":15,"loc":{"start":{"line":15,"column":0},"end":{"line":15,"column":48}}},"6":{"name":"_possibleConstructorReturn","line":17,"loc":{"start":{"line":17,"column":0},"end":{"line":17,"column":48}}},"7":{"name":"_inherits","line":19,"loc":{"start":{"line":19,"column":0},"end":{"line":19,"column":41}}},"8":{"name":"(anonymous_8)","line":21,"loc":{"start":{"line":21,"column":13},"end":{"line":21,"column":36}}},"9":{"name":"Person","line":24,"loc":{"start":{"line":24,"column":4},"end":{"line":24,"column":22}}},"10":{"name":"get","line":36,"loc":{"start":{"line":36,"column":13},"end":{"line":36,"column":28}}},"11":{"name":"set","line":39,"loc":{"start":{"line":39,"column":13},"end":{"line":39,"column":33}}},"12":{"name":"get","line":52,"loc":{"start":{"line":52,"column":13},"end":{"line":52,"column":28}}},"13":{"name":"set","line":55,"loc":{"start":{"line":55,"column":13},"end":{"line":55,"column":33}}}},"statementMap":{"1":{"start":{"line":3,"column":0},"end":{"line":5,"column":3}},"2":{"start":{"line":7,"column":0},"end":{"line":7,"column":564}},"3":{"start":{"line":7,"column":33},"end":{"line":7,"column":349}},"4":{"start":{"line":7,"column":76},"end":{"line":7,"column":347}},"5":{"start":{"line":7,"column":117},"end":{"line":7,"column":143}},"6":{"start":{"line":7,"column":144},"end":{"line":7,"column":199}},"7":{"start":{"line":7,"column":200},"end":{"line":7,"column":231}},"8":{"start":{"line":7,"column":232},"end":{"line":7,"column":286}},"9":{"start":{"line":7,"column":259},"end":{"line":7,"column":286}},"10":{"start":{"line":7,"column":287},"end":{"line":7,"column":345}},"11":{"start":{"line":7,"column":350},"end":{"line":7,"column":559}},"12":{"start":{"line":7,"column":407},"end":{"line":7,"column":475}},"13":{"start":{"line":7,"column":423},"end":{"line":7,"column":475}},"14":{"start":{"line":7,"column":476},"end":{"line":7,"column":536}},"15":{"start":{"line":7,"column":493},"end":{"line":7,"column":536}},"16":{"start":{"line":7,"column":537},"end":{"line":7,"column":556}},"17":{"start":{"line":9,"column":0},"end":{"line":9,"column":43}},"18":{"start":{"line":11,"column":0},"end":{"line":11,"column":56}},"19":{"start":{"line":13,"column":0},"end":{"line":13,"column":95}},"20":{"start":{"line":13,"column":39},"end":{"line":13,"column":93}},"21":{"start":{"line":15,"column":0},"end":{"line":15,"column":153}},"22":{"start":{"line":15,"column":50},"end":{"line":15,"column":151}},"23":{"start":{"line":15,"column":92},"end":{"line":15,"column":149}},"24":{"start":{"line":17,"column":0},"end":{"line":17,"column":240}},"25":{"start":{"line":17,"column":50},"end":{"line":17,"column":151}},"26":{"start":{"line":17,"column":63},"end":{"line":17,"column":149}},"27":{"start":{"line":17,"column":152},"end":{"line":17,"column":238}},"28":{"start":{"line":19,"column":0},"end":{"line":19,"column":494}},"29":{"start":{"line":19,"column":43},"end":{"line":19,"column":208}},"30":{"start":{"line":19,"column":106},"end":{"line":19,"column":206}},"31":{"start":{"line":19,"column":209},"end":{"line":19,"column":373}},"32":{"start":{"line":19,"column":374},"end":{"line":19,"column":492}},"33":{"start":{"line":19,"column":390},"end":{"line":19,"column":492}},"34":{"start":{"line":21,"column":0},"end":{"line":69,"column":24}},"35":{"start":{"line":22,"column":4},"end":{"line":22,"column":35}},"36":{"start":{"line":24,"column":4},"end":{"line":32,"column":5}},"37":{"start":{"line":25,"column":8},"end":{"line":25,"column":38}},"38":{"start":{"line":27,"column":8},"end":{"line":27,"column":117}},"39":{"start":{"line":29,"column":8},"end":{"line":29,"column":32}},"40":{"start":{"line":30,"column":8},"end":{"line":30,"column":31}},"41":{"start":{"line":31,"column":8},"end":{"line":31,"column":21}},"42":{"start":{"line":34,"column":4},"end":{"line":66,"column":8}},"43":{"start":{"line":37,"column":12},"end":{"line":37,"column":35}},"44":{"start":{"line":40,"column":12},"end":{"line":40,"column":43}},"45":{"start":{"line":41,"column":12},"end":{"line":41,"column":36}},"46":{"start":{"line":43,"column":12},"end":{"line":48,"column":15}},"47":{"start":{"line":53,"column":12},"end":{"line":53,"column":35}},"48":{"start":{"line":56,"column":12},"end":{"line":56,"column":42}},"49":{"start":{"line":57,"column":12},"end":{"line":57,"column":35}},"50":{"start":{"line":59,"column":12},"end":{"line":64,"column":15}},"51":{"start":{"line":68,"column":4},"end":{"line":68,"column":18}},"52":{"start":{"line":71,"column":0},"end":{"line":71,"column":25}}},"branchMap":{"1":{"line":7,"type":"binary-expr","locations":[{"start":{"line":7,"column":168},"end":{"line":7,"column":189}},{"start":{"line":7,"column":193},"end":{"line":7,"column":198}}]},"2":{"line":7,"type":"if","locations":[{"start":{"line":7,"column":232},"end":{"line":7,"column":232}},{"start":{"line":7,"column":232},"end":{"line":7,"column":232}}]},"3":{"line":7,"type":"if","locations":[{"start":{"line":7,"column":407},"end":{"line":7,"column":407}},{"start":{"line":7,"column":407},"end":{"line":7,"column":407}}]},"4":{"line":7,"type":"if","locations":[{"start":{"line":7,"column":476},"end":{"line":7,"column":476}},{"start":{"line":7,"column":476},"end":{"line":7,"column":476}}]},"5":{"line":13,"type":"cond-expr","locations":[{"start":{"line":13,"column":70},"end":{"line":13,"column":73}},{"start":{"line":13,"column":76},"end":{"line":13,"column":92}}]},"6":{"line":13,"type":"binary-expr","locations":[{"start":{"line":13,"column":46},"end":{"line":13,"column":49}},{"start":{"line":13,"column":53},"end":{"line":13,"column":67}}]},"7":{"line":15,"type":"if","locations":[{"start":{"line":15,"column":50},"end":{"line":15,"column":50}},{"start":{"line":15,"column":50},"end":{"line":15,"column":50}}]},"8":{"line":17,"type":"if","locations":[{"start":{"line":17,"column":50},"end":{"line":17,"column":50}},{"start":{"line":17,"column":50},"end":{"line":17,"column":50}}]},"9":{"line":17,"type":"cond-expr","locations":[{"start":{"line":17,"column":226},"end":{"line":17,"column":230}},{"start":{"line":17,"column":233},"end":{"line":17,"column":237}}]},"10":{"line":17,"type":"binary-expr","locations":[{"start":{"line":17,"column":159},"end":{"line":17,"column":163}},{"start":{"line":17,"column":168},"end":{"line":17,"column":192}},{"start":{"line":17,"column":196},"end":{"line":17,"column":222}}]},"11":{"line":19,"type":"if","locations":[{"start":{"line":19,"column":43},"end":{"line":19,"column":43}},{"start":{"line":19,"column":43},"end":{"line":19,"column":43}}]},"12":{"line":19,"type":"binary-expr","locations":[{"start":{"line":19,"column":47},"end":{"line":19,"column":79}},{"start":{"line":19,"column":83},"end":{"line":19,"column":102}}]},"13":{"line":19,"type":"binary-expr","locations":[{"start":{"line":19,"column":244},"end":{"line":19,"column":254}},{"start":{"line":19,"column":258},"end":{"line":19,"column":278}}]},"14":{"line":19,"type":"if","locations":[{"start":{"line":19,"column":374},"end":{"line":19,"column":374}},{"start":{"line":19,"column":374},"end":{"line":19,"column":374}}]},"15":{"line":19,"type":"cond-expr","locations":[{"start":{"line":19,"column":414},"end":{"line":19,"column":457}},{"start":{"line":19,"column":460},"end":{"line":19,"column":491}}]},"16":{"line":27,"type":"binary-expr","locations":[{"start":{"line":27,"column":54},"end":{"line":27,"column":70}},{"start":{"line":27,"column":74},"end":{"line":27,"column":103}}]}}},"/Users/jaredjbarnes/Documents/programming-patterns/lib/observable/Observable.js":{"path":"/Users/jaredjbarnes/Documents/programming-patterns/lib/observable/Observable.js","s":{"1":1,"2":1,"3":1,"4":1,"5":2,"6":2,"7":2,"8":2,"9":2,"10":2,"11":1,"12":1,"13":1,"14":1,"15":0,"16":1,"17":1,"18":1,"19":1,"20":1,"21":1,"22":1,"23":0,"24":1,"25":1,"26":1,"27":1,"28":1,"29":4,"30":2,"31":1,"32":1,"33":0,"34":0,"35":0,"36":1,"37":1,"38":1,"39":1},"b":{"1":[2,2],"2":[2,0],"3":[1,0],"4":[0,1],"5":[1,0],"6":[1,1],"7":[0,1],"8":[0,0]},"f":{"1":1,"2":1,"3":1,"4":1,"5":1,"6":1,"7":1,"8":4,"9":2,"10":1,"11":0},"fnMap":{"1":{"name":"(anonymous_1)","line":7,"loc":{"start":{"line":7,"column":19},"end":{"line":7,"column":31}}},"2":{"name":"defineProperties","line":7,"loc":{"start":{"line":7,"column":33},"end":{"line":7,"column":74}}},"3":{"name":"(anonymous_3)","line":7,"loc":{"start":{"line":7,"column":357},"end":{"line":7,"column":405}}},"4":{"name":"_interopRequireDefault","line":13,"loc":{"start":{"line":13,"column":0},"end":{"line":13,"column":37}}},"5":{"name":"_classCallCheck","line":15,"loc":{"start":{"line":15,"column":0},"end":{"line":15,"column":48}}},"6":{"name":"(anonymous_6)","line":17,"loc":{"start":{"line":17,"column":17},"end":{"line":17,"column":29}}},"7":{"name":"Observable","line":18,"loc":{"start":{"line":18,"column":4},"end":{"line":18,"column":26}}},"8":{"name":"notify","line":26,"loc":{"start":{"line":26,"column":15},"end":{"line":26,"column":38}}},"9":{"name":"(anonymous_9)","line":27,"loc":{"start":{"line":27,"column":35},"end":{"line":27,"column":55}}},"10":{"name":"observe","line":33,"loc":{"start":{"line":33,"column":15},"end":{"line":33,"column":48}}},"11":{"name":"dispose","line":37,"loc":{"start":{"line":37,"column":25},"end":{"line":37,"column":44}}}},"statementMap":{"1":{"start":{"line":3,"column":0},"end":{"line":5,"column":3}},"2":{"start":{"line":7,"column":0},"end":{"line":7,"column":564}},"3":{"start":{"line":7,"column":33},"end":{"line":7,"column":349}},"4":{"start":{"line":7,"column":76},"end":{"line":7,"column":347}},"5":{"start":{"line":7,"column":117},"end":{"line":7,"column":143}},"6":{"start":{"line":7,"column":144},"end":{"line":7,"column":199}},"7":{"start":{"line":7,"column":200},"end":{"line":7,"column":231}},"8":{"start":{"line":7,"column":232},"end":{"line":7,"column":286}},"9":{"start":{"line":7,"column":259},"end":{"line":7,"column":286}},"10":{"start":{"line":7,"column":287},"end":{"line":7,"column":345}},"11":{"start":{"line":7,"column":350},"end":{"line":7,"column":559}},"12":{"start":{"line":7,"column":407},"end":{"line":7,"column":475}},"13":{"start":{"line":7,"column":423},"end":{"line":7,"column":475}},"14":{"start":{"line":7,"column":476},"end":{"line":7,"column":536}},"15":{"start":{"line":7,"column":493},"end":{"line":7,"column":536}},"16":{"start":{"line":7,"column":537},"end":{"line":7,"column":556}},"17":{"start":{"line":9,"column":0},"end":{"line":9,"column":38}},"18":{"start":{"line":11,"column":0},"end":{"line":11,"column":51}},"19":{"start":{"line":13,"column":0},"end":{"line":13,"column":95}},"20":{"start":{"line":13,"column":39},"end":{"line":13,"column":93}},"21":{"start":{"line":15,"column":0},"end":{"line":15,"column":153}},"22":{"start":{"line":15,"column":50},"end":{"line":15,"column":151}},"23":{"start":{"line":15,"column":92},"end":{"line":15,"column":149}},"24":{"start":{"line":17,"column":0},"end":{"line":56,"column":4}},"25":{"start":{"line":18,"column":4},"end":{"line":22,"column":5}},"26":{"start":{"line":19,"column":8},"end":{"line":19,"column":42}},"27":{"start":{"line":21,"column":8},"end":{"line":21,"column":28}},"28":{"start":{"line":24,"column":4},"end":{"line":53,"column":8}},"29":{"start":{"line":27,"column":12},"end":{"line":29,"column":15}},"30":{"start":{"line":28,"column":16},"end":{"line":28,"column":39}},"31":{"start":{"line":34,"column":12},"end":{"line":34,"column":43}},"32":{"start":{"line":36,"column":12},"end":{"line":47,"column":15}},"33":{"start":{"line":38,"column":20},"end":{"line":38,"column":60}},"34":{"start":{"line":40,"column":20},"end":{"line":42,"column":21}},"35":{"start":{"line":41,"column":24},"end":{"line":41,"column":51}},"36":{"start":{"line":49,"column":12},"end":{"line":49,"column":37}},"37":{"start":{"line":51,"column":12},"end":{"line":51,"column":28}},"38":{"start":{"line":55,"column":4},"end":{"line":55,"column":22}},"39":{"start":{"line":58,"column":0},"end":{"line":58,"column":29}}},"branchMap":{"1":{"line":7,"type":"binary-expr","locations":[{"start":{"line":7,"column":168},"end":{"line":7,"column":189}},{"start":{"line":7,"column":193},"end":{"line":7,"column":198}}]},"2":{"line":7,"type":"if","locations":[{"start":{"line":7,"column":232},"end":{"line":7,"column":232}},{"start":{"line":7,"column":232},"end":{"line":7,"column":232}}]},"3":{"line":7,"type":"if","locations":[{"start":{"line":7,"column":407},"end":{"line":7,"column":407}},{"start":{"line":7,"column":407},"end":{"line":7,"column":407}}]},"4":{"line":7,"type":"if","locations":[{"start":{"line":7,"column":476},"end":{"line":7,"column":476}},{"start":{"line":7,"column":476},"end":{"line":7,"column":476}}]},"5":{"line":13,"type":"cond-expr","locations":[{"start":{"line":13,"column":70},"end":{"line":13,"column":73}},{"start":{"line":13,"column":76},"end":{"line":13,"column":92}}]},"6":{"line":13,"type":"binary-expr","locations":[{"start":{"line":13,"column":46},"end":{"line":13,"column":49}},{"start":{"line":13,"column":53},"end":{"line":13,"column":67}}]},"7":{"line":15,"type":"if","locations":[{"start":{"line":15,"column":50},"end":{"line":15,"column":50}},{"start":{"line":15,"column":50},"end":{"line":15,"column":50}}]},"8":{"line":40,"type":"if","locations":[{"start":{"line":40,"column":20},"end":{"line":40,"column":20}},{"start":{"line":40,"column":20},"end":{"line":40,"column":20}}]}}},"/Users/jaredjbarnes/Documents/programming-patterns/lib/observable/Observer.js":{"path":"/Users/jaredjbarnes/Documents/programming-patterns/lib/observable/Observer.js","s":{"1":1,"2":1,"3":1,"4":1,"5":4,"6":4,"7":4,"8":4,"9":4,"10":4,"11":1,"12":1,"13":1,"14":1,"15":0,"16":1,"17":1,"18":1,"19":0,"20":1,"21":1,"22":1,"23":1,"24":1,"25":1,"26":1,"27":1,"28":1,"29":1,"30":1,"31":0,"32":0,"33":0,"34":0,"35":1,"36":1,"37":1,"38":2,"39":1,"40":1,"41":1},"b":{"1":[4,4],"2":[4,0],"3":[1,0],"4":[0,1],"5":[0,1],"6":[1,0],"7":[0,1],"8":[1,0],"9":[0,0],"10":[0,0],"11":[1,0],"12":[1,0],"13":[1,1],"14":[2,2]},"f":{"1":1,"2":1,"3":1,"4":1,"5":1,"6":1,"7":1,"8":0,"9":0,"10":1,"11":2},"fnMap":{"1":{"name":"(anonymous_1)","line":7,"loc":{"start":{"line":7,"column":19},"end":{"line":7,"column":31}}},"2":{"name":"defineProperties","line":7,"loc":{"start":{"line":7,"column":33},"end":{"line":7,"column":74}}},"3":{"name":"(anonymous_3)","line":7,"loc":{"start":{"line":7,"column":357},"end":{"line":7,"column":405}}},"4":{"name":"_classCallCheck","line":9,"loc":{"start":{"line":9,"column":0},"end":{"line":9,"column":48}}},"5":{"name":"EMPTY_FUCNTION","line":14,"loc":{"start":{"line":14,"column":21},"end":{"line":14,"column":47}}},"6":{"name":"(anonymous_6)","line":16,"loc":{"start":{"line":16,"column":15},"end":{"line":16,"column":27}}},"7":{"name":"Observer","line":17,"loc":{"start":{"line":17,"column":4},"end":{"line":17,"column":28}}},"8":{"name":"start","line":35,"loc":{"start":{"line":35,"column":15},"end":{"line":35,"column":32}}},"9":{"name":"stop","line":42,"loc":{"start":{"line":42,"column":15},"end":{"line":42,"column":31}}},"10":{"name":"dispose","line":49,"loc":{"start":{"line":49,"column":15},"end":{"line":49,"column":34}}},"11":{"name":"notify","line":57,"loc":{"start":{"line":57,"column":15},"end":{"line":57,"column":38}}}},"statementMap":{"1":{"start":{"line":3,"column":0},"end":{"line":5,"column":3}},"2":{"start":{"line":7,"column":0},"end":{"line":7,"column":564}},"3":{"start":{"line":7,"column":33},"end":{"line":7,"column":349}},"4":{"start":{"line":7,"column":76},"end":{"line":7,"column":347}},"5":{"start":{"line":7,"column":117},"end":{"line":7,"column":143}},"6":{"start":{"line":7,"column":144},"end":{"line":7,"column":199}},"7":{"start":{"line":7,"column":200},"end":{"line":7,"column":231}},"8":{"start":{"line":7,"column":232},"end":{"line":7,"column":286}},"9":{"start":{"line":7,"column":259},"end":{"line":7,"column":286}},"10":{"start":{"line":7,"column":287},"end":{"line":7,"column":345}},"11":{"start":{"line":7,"column":350},"end":{"line":7,"column":559}},"12":{"start":{"line":7,"column":407},"end":{"line":7,"column":475}},"13":{"start":{"line":7,"column":423},"end":{"line":7,"column":475}},"14":{"start":{"line":7,"column":476},"end":{"line":7,"column":536}},"15":{"start":{"line":7,"column":493},"end":{"line":7,"column":536}},"16":{"start":{"line":7,"column":537},"end":{"line":7,"column":556}},"17":{"start":{"line":9,"column":0},"end":{"line":9,"column":153}},"18":{"start":{"line":9,"column":50},"end":{"line":9,"column":151}},"19":{"start":{"line":9,"column":92},"end":{"line":9,"column":149}},"20":{"start":{"line":11,"column":0},"end":{"line":11,"column":24}},"21":{"start":{"line":12,"column":0},"end":{"line":12,"column":24}},"22":{"start":{"line":13,"column":0},"end":{"line":13,"column":26}},"23":{"start":{"line":14,"column":0},"end":{"line":14,"column":50}},"24":{"start":{"line":16,"column":0},"end":{"line":65,"column":4}},"25":{"start":{"line":17,"column":4},"end":{"line":31,"column":5}},"26":{"start":{"line":18,"column":8},"end":{"line":20,"column":37}},"27":{"start":{"line":22,"column":8},"end":{"line":22,"column":40}},"28":{"start":{"line":24,"column":8},"end":{"line":28,"column":10}},"29":{"start":{"line":30,"column":8},"end":{"line":30,"column":29}},"30":{"start":{"line":33,"column":4},"end":{"line":62,"column":8}},"31":{"start":{"line":36,"column":12},"end":{"line":38,"column":13}},"32":{"start":{"line":37,"column":16},"end":{"line":37,"column":37}},"33":{"start":{"line":43,"column":12},"end":{"line":45,"column":13}},"34":{"start":{"line":44,"column":16},"end":{"line":44,"column":37}},"35":{"start":{"line":50,"column":12},"end":{"line":53,"column":13}},"36":{"start":{"line":51,"column":16},"end":{"line":51,"column":38}},"37":{"start":{"line":52,"column":16},"end":{"line":52,"column":40}},"38":{"start":{"line":58,"column":12},"end":{"line":60,"column":13}},"39":{"start":{"line":59,"column":16},"end":{"line":59,"column":44}},"40":{"start":{"line":64,"column":4},"end":{"line":64,"column":20}},"41":{"start":{"line":67,"column":0},"end":{"line":67,"column":27}}},"branchMap":{"1":{"line":7,"type":"binary-expr","locations":[{"start":{"line":7,"column":168},"end":{"line":7,"column":189}},{"start":{"line":7,"column":193},"end":{"line":7,"column":198}}]},"2":{"line":7,"type":"if","locations":[{"start":{"line":7,"column":232},"end":{"line":7,"column":232}},{"start":{"line":7,"column":232},"end":{"line":7,"column":232}}]},"3":{"line":7,"type":"if","locations":[{"start":{"line":7,"column":407},"end":{"line":7,"column":407}},{"start":{"line":7,"column":407},"end":{"line":7,"column":407}}]},"4":{"line":7,"type":"if","locations":[{"start":{"line":7,"column":476},"end":{"line":7,"column":476}},{"start":{"line":7,"column":476},"end":{"line":7,"column":476}}]},"5":{"line":9,"type":"if","locations":[{"start":{"line":9,"column":50},"end":{"line":9,"column":50}},{"start":{"line":9,"column":50},"end":{"line":9,"column":50}}]},"6":{"line":25,"type":"binary-expr","locations":[{"start":{"line":25,"column":18},"end":{"line":25,"column":22}},{"start":{"line":25,"column":26},"end":{"line":25,"column":30}}]},"7":{"line":26,"type":"cond-expr","locations":[{"start":{"line":26,"column":57},"end":{"line":26,"column":66}},{"start":{"line":26,"column":69},"end":{"line":26,"column":83}}]},"8":{"line":27,"type":"cond-expr","locations":[{"start":{"line":27,"column":55},"end":{"line":27,"column":63}},{"start":{"line":27,"column":66},"end":{"line":27,"column":80}}]},"9":{"line":36,"type":"if","locations":[{"start":{"line":36,"column":12},"end":{"line":36,"column":12}},{"start":{"line":36,"column":12},"end":{"line":36,"column":12}}]},"10":{"line":43,"type":"if","locations":[{"start":{"line":43,"column":12},"end":{"line":43,"column":12}},{"start":{"line":43,"column":12},"end":{"line":43,"column":12}}]},"11":{"line":50,"type":"if","locations":[{"start":{"line":50,"column":12},"end":{"line":50,"column":12}},{"start":{"line":50,"column":12},"end":{"line":50,"column":12}}]},"12":{"line":50,"type":"binary-expr","locations":[{"start":{"line":50,"column":16},"end":{"line":50,"column":38}},{"start":{"line":50,"column":42},"end":{"line":50,"column":64}}]},"13":{"line":58,"type":"if","locations":[{"start":{"line":58,"column":12},"end":{"line":58,"column":12}},{"start":{"line":58,"column":12},"end":{"line":58,"column":12}}]},"14":{"line":58,"type":"binary-expr","locations":[{"start":{"line":58,"column":16},"end":{"line":58,"column":47}},{"start":{"line":58,"column":51},"end":{"line":58,"column":73}}]}}},"/Users/jaredjbarnes/Documents/programming-patterns/lib/visitor/SqlVisitor.js":{"path":"/Users/jaredjbarnes/Documents/programming-patterns/lib/visitor/SqlVisitor.js","s":{"1":1,"2":1,"3":1,"4":1,"5":18,"6":18,"7":18,"8":18,"9":18,"10":18,"11":1,"12":1,"13":1,"14":1,"15":0,"16":1,"17":1,"18":1,"19":1,"20":1,"21":1,"22":1,"23":0,"24":1,"25":1,"26":0,"27":1,"28":1,"29":1,"30":0,"31":1,"32":1,"33":1,"34":1,"35":1,"36":1,"37":1,"38":1,"39":1,"40":1,"41":1,"42":1,"43":0,"44":0,"45":0,"46":0,"47":1,"48":0,"49":0,"50":0,"51":0,"52":0,"53":1,"54":0,"55":0,"56":0,"57":0,"58":1,"59":1,"60":1,"61":1,"62":1,"63":1,"64":1,"65":1},"b":{"1":[18,18],"2":[18,0],"3":[1,0],"4":[0,1],"5":[1,0],"6":[1,1],"7":[0,1],"8":[0,1],"9":[0,1],"10":[1,0,0],"11":[0,1],"12":[1,0],"13":[1,1],"14":[1,0],"15":[1,0],"16":[1,0]},"f":{"1":1,"2":1,"3":1,"4":1,"5":1,"6":1,"7":1,"8":1,"9":1,"10":1,"11":0,"12":0,"13":1,"14":0,"15":0,"16":0,"17":0,"18":0,"19":1,"20":0,"21":0,"22":0,"23":0,"24":1,"25":1,"26":1,"27":1},"fnMap":{"1":{"name":"(anonymous_1)","line":7,"loc":{"start":{"line":7,"column":19},"end":{"line":7,"column":31}}},"2":{"name":"defineProperties","line":7,"loc":{"start":{"line":7,"column":33},"end":{"line":7,"column":74}}},"3":{"name":"(anonymous_3)","line":7,"loc":{"start":{"line":7,"column":357},"end":{"line":7,"column":405}}},"4":{"name":"_interopRequireDefault","line":13,"loc":{"start":{"line":13,"column":0},"end":{"line":13,"column":37}}},"5":{"name":"_classCallCheck","line":15,"loc":{"start":{"line":15,"column":0},"end":{"line":15,"column":48}}},"6":{"name":"_possibleConstructorReturn","line":17,"loc":{"start":{"line":17,"column":0},"end":{"line":17,"column":48}}},"7":{"name":"_inherits","line":19,"loc":{"start":{"line":19,"column":0},"end":{"line":19,"column":41}}},"8":{"name":"(anonymous_8)","line":21,"loc":{"start":{"line":21,"column":17},"end":{"line":21,"column":37}}},"9":{"name":"SqlVisitor","line":24,"loc":{"start":{"line":24,"column":4},"end":{"line":24,"column":26}}},"10":{"name":"and","line":32,"loc":{"start":{"line":32,"column":15},"end":{"line":32,"column":30}}},"11":{"name":"or","line":41,"loc":{"start":{"line":41,"column":15},"end":{"line":41,"column":29}}},"12":{"name":"contains","line":50,"loc":{"start":{"line":50,"column":15},"end":{"line":50,"column":50}}},"13":{"name":"isEqualTo","line":55,"loc":{"start":{"line":55,"column":15},"end":{"line":55,"column":51}}},"14":{"name":"isNotEqualTo","line":60,"loc":{"start":{"line":60,"column":15},"end":{"line":60,"column":54}}},"15":{"name":"isGreaterThan","line":65,"loc":{"start":{"line":65,"column":15},"end":{"line":65,"column":55}}},"16":{"name":"isGreaterThanOrEqualTo","line":70,"loc":{"start":{"line":70,"column":15},"end":{"line":70,"column":64}}},"17":{"name":"isLessThan","line":75,"loc":{"start":{"line":75,"column":15},"end":{"line":75,"column":52}}},"18":{"name":"isLessThanOrEqualTo","line":80,"loc":{"start":{"line":80,"column":15},"end":{"line":80,"column":61}}},"19":{"name":"string","line":85,"loc":{"start":{"line":85,"column":15},"end":{"line":85,"column":38}}},"20":{"name":"boolean","line":90,"loc":{"start":{"line":90,"column":15},"end":{"line":90,"column":39}}},"21":{"name":"number","line":95,"loc":{"start":{"line":95,"column":15},"end":{"line":95,"column":38}}},"22":{"name":"array","line":100,"loc":{"start":{"line":100,"column":15},"end":{"line":100,"column":32}}},"23":{"name":"object","line":105,"loc":{"start":{"line":105,"column":15},"end":{"line":105,"column":33}}},"24":{"name":"propertyName","line":110,"loc":{"start":{"line":110,"column":15},"end":{"line":110,"column":43}}},"25":{"name":"property","line":115,"loc":{"start":{"line":115,"column":15},"end":{"line":115,"column":45}}},"26":{"name":"type","line":120,"loc":{"start":{"line":120,"column":15},"end":{"line":120,"column":36}}},"27":{"name":"createSql","line":126,"loc":{"start":{"line":126,"column":15},"end":{"line":126,"column":40}}}},"statementMap":{"1":{"start":{"line":3,"column":0},"end":{"line":5,"column":3}},"2":{"start":{"line":7,"column":0},"end":{"line":7,"column":564}},"3":{"start":{"line":7,"column":33},"end":{"line":7,"column":349}},"4":{"start":{"line":7,"column":76},"end":{"line":7,"column":347}},"5":{"start":{"line":7,"column":117},"end":{"line":7,"column":143}},"6":{"start":{"line":7,"column":144},"end":{"line":7,"column":199}},"7":{"start":{"line":7,"column":200},"end":{"line":7,"column":231}},"8":{"start":{"line":7,"column":232},"end":{"line":7,"column":286}},"9":{"start":{"line":7,"column":259},"end":{"line":7,"column":286}},"10":{"start":{"line":7,"column":287},"end":{"line":7,"column":345}},"11":{"start":{"line":7,"column":350},"end":{"line":7,"column":559}},"12":{"start":{"line":7,"column":407},"end":{"line":7,"column":475}},"13":{"start":{"line":7,"column":423},"end":{"line":7,"column":475}},"14":{"start":{"line":7,"column":476},"end":{"line":7,"column":536}},"15":{"start":{"line":7,"column":493},"end":{"line":7,"column":536}},"16":{"start":{"line":7,"column":537},"end":{"line":7,"column":556}},"17":{"start":{"line":9,"column":0},"end":{"line":9,"column":37}},"18":{"start":{"line":11,"column":0},"end":{"line":11,"column":50}},"19":{"start":{"line":13,"column":0},"end":{"line":13,"column":95}},"20":{"start":{"line":13,"column":39},"end":{"line":13,"column":93}},"21":{"start":{"line":15,"column":0},"end":{"line":15,"column":153}},"22":{"start":{"line":15,"column":50},"end":{"line":15,"column":151}},"23":{"start":{"line":15,"column":92},"end":{"line":15,"column":149}},"24":{"start":{"line":17,"column":0},"end":{"line":17,"column":240}},"25":{"start":{"line":17,"column":50},"end":{"line":17,"column":151}},"26":{"start":{"line":17,"column":63},"end":{"line":17,"column":149}},"27":{"start":{"line":17,"column":152},"end":{"line":17,"column":238}},"28":{"start":{"line":19,"column":0},"end":{"line":19,"column":494}},"29":{"start":{"line":19,"column":43},"end":{"line":19,"column":208}},"30":{"start":{"line":19,"column":106},"end":{"line":19,"column":206}},"31":{"start":{"line":19,"column":209},"end":{"line":19,"column":373}},"32":{"start":{"line":19,"column":374},"end":{"line":19,"column":492}},"33":{"start":{"line":19,"column":390},"end":{"line":19,"column":492}},"34":{"start":{"line":21,"column":0},"end":{"line":134,"column":21}},"35":{"start":{"line":22,"column":4},"end":{"line":22,"column":36}},"36":{"start":{"line":24,"column":4},"end":{"line":28,"column":5}},"37":{"start":{"line":25,"column":8},"end":{"line":25,"column":42}},"38":{"start":{"line":27,"column":8},"end":{"line":27,"column":132}},"39":{"start":{"line":30,"column":4},"end":{"line":131,"column":8}},"40":{"start":{"line":33,"column":12},"end":{"line":35,"column":13}},"41":{"start":{"line":34,"column":16},"end":{"line":34,"column":45}},"42":{"start":{"line":37,"column":12},"end":{"line":37,"column":50}},"43":{"start":{"line":42,"column":12},"end":{"line":44,"column":13}},"44":{"start":{"line":43,"column":16},"end":{"line":43,"column":47}},"45":{"start":{"line":46,"column":12},"end":{"line":46,"column":49}},"46":{"start":{"line":51,"column":12},"end":{"line":51,"column":54}},"47":{"start":{"line":56,"column":12},"end":{"line":56,"column":44}},"48":{"start":{"line":61,"column":12},"end":{"line":61,"column":45}},"49":{"start":{"line":66,"column":12},"end":{"line":66,"column":44}},"50":{"start":{"line":71,"column":12},"end":{"line":71,"column":45}},"51":{"start":{"line":76,"column":12},"end":{"line":76,"column":44}},"52":{"start":{"line":81,"column":12},"end":{"line":81,"column":45}},"53":{"start":{"line":86,"column":12},"end":{"line":86,"column":41}},"54":{"start":{"line":91,"column":12},"end":{"line":91,"column":36}},"55":{"start":{"line":96,"column":12},"end":{"line":96,"column":25}},"56":{"start":{"line":101,"column":12},"end":{"line":101,"column":51}},"57":{"start":{"line":106,"column":12},"end":{"line":106,"column":51}},"58":{"start":{"line":111,"column":12},"end":{"line":111,"column":24}},"59":{"start":{"line":116,"column":12},"end":{"line":116,"column":29}},"60":{"start":{"line":121,"column":12},"end":{"line":121,"column":31}},"61":{"start":{"line":122,"column":12},"end":{"line":122,"column":25}},"62":{"start":{"line":128,"column":12},"end":{"line":128,"column":41}},"63":{"start":{"line":129,"column":12},"end":{"line":129,"column":69}},"64":{"start":{"line":133,"column":4},"end":{"line":133,"column":22}},"65":{"start":{"line":136,"column":0},"end":{"line":136,"column":29}}},"branchMap":{"1":{"line":7,"type":"binary-expr","locations":[{"start":{"line":7,"column":168},"end":{"line":7,"column":189}},{"start":{"line":7,"column":193},"end":{"line":7,"column":198}}]},"2":{"line":7,"type":"if","locations":[{"start":{"line":7,"column":232},"end":{"line":7,"column":232}},{"start":{"line":7,"column":232},"end":{"line":7,"column":232}}]},"3":{"line":7,"type":"if","locations":[{"start":{"line":7,"column":407},"end":{"line":7,"column":407}},{"start":{"line":7,"column":407},"end":{"line":7,"column":407}}]},"4":{"line":7,"type":"if","locations":[{"start":{"line":7,"column":476},"end":{"line":7,"column":476}},{"start":{"line":7,"column":476},"end":{"line":7,"column":476}}]},"5":{"line":13,"type":"cond-expr","locations":[{"start":{"line":13,"column":70},"end":{"line":13,"column":73}},{"start":{"line":13,"column":76},"end":{"line":13,"column":92}}]},"6":{"line":13,"type":"binary-expr","locations":[{"start":{"line":13,"column":46},"end":{"line":13,"column":49}},{"start":{"line":13,"column":53},"end":{"line":13,"column":67}}]},"7":{"line":15,"type":"if","locations":[{"start":{"line":15,"column":50},"end":{"line":15,"column":50}},{"start":{"line":15,"column":50},"end":{"line":15,"column":50}}]},"8":{"line":17,"type":"if","locations":[{"start":{"line":17,"column":50},"end":{"line":17,"column":50}},{"start":{"line":17,"column":50},"end":{"line":17,"column":50}}]},"9":{"line":17,"type":"cond-expr","locations":[{"start":{"line":17,"column":226},"end":{"line":17,"column":230}},{"start":{"line":17,"column":233},"end":{"line":17,"column":237}}]},"10":{"line":17,"type":"binary-expr","locations":[{"start":{"line":17,"column":159},"end":{"line":17,"column":163}},{"start":{"line":17,"column":168},"end":{"line":17,"column":192}},{"start":{"line":17,"column":196},"end":{"line":17,"column":222}}]},"11":{"line":19,"type":"if","locations":[{"start":{"line":19,"column":43},"end":{"line":19,"column":43}},{"start":{"line":19,"column":43},"end":{"line":19,"column":43}}]},"12":{"line":19,"type":"binary-expr","locations":[{"start":{"line":19,"column":47},"end":{"line":19,"column":79}},{"start":{"line":19,"column":83},"end":{"line":19,"column":102}}]},"13":{"line":19,"type":"binary-expr","locations":[{"start":{"line":19,"column":244},"end":{"line":19,"column":254}},{"start":{"line":19,"column":258},"end":{"line":19,"column":278}}]},"14":{"line":19,"type":"if","locations":[{"start":{"line":19,"column":374},"end":{"line":19,"column":374}},{"start":{"line":19,"column":374},"end":{"line":19,"column":374}}]},"15":{"line":19,"type":"cond-expr","locations":[{"start":{"line":19,"column":414},"end":{"line":19,"column":457}},{"start":{"line":19,"column":460},"end":{"line":19,"column":491}}]},"16":{"line":27,"type":"binary-expr","locations":[{"start":{"line":27,"column":49},"end":{"line":27,"column":69}},{"start":{"line":27,"column":73},"end":{"line":27,"column":106}}]}}}}