TN:
SF:/Users/jaredjbarnes/Documents/programming-patterns/lib/visitor/JavascriptVisitor.js
FN:7,(anonymous_1)
FN:7,defineProperties
FN:7,(anonymous_3)
FN:13,_interopRequireDefault
FN:15,_classCallCheck
FN:17,_possibleConstructorReturn
FN:19,_inherits
FN:21,(anonymous_8)
FN:24,JavascriptVisitor
FN:32,and
FN:41,or
FN:50,contains
FN:55,isEqualTo
FN:60,isNotEqualTo
FN:65,isGreaterThan
FN:70,isGreaterThanOrEqualTo
FN:75,isLessThan
FN:80,isLessThanOrEqualTo
FN:85,string
FN:90,boolean
FN:95,number
FN:100,array
FN:105,object
FN:110,propertyName
FN:115,property
FN:120,type
FN:125,createFilter
FNF:27
FNH:16
FNDA:1,(anonymous_1)
FNDA:1,defineProperties
FNDA:1,(anonymous_3)
FNDA:1,_interopRequireDefault
FNDA:1,_classCallCheck
FNDA:1,_possibleConstructorReturn
FNDA:1,_inherits
FNDA:1,(anonymous_8)
FNDA:1,JavascriptVisitor
FNDA:1,and
FNDA:0,or
FNDA:0,contains
FNDA:1,isEqualTo
FNDA:0,isNotEqualTo
FNDA:0,isGreaterThan
FNDA:0,isGreaterThanOrEqualTo
FNDA:0,isLessThan
FNDA:0,isLessThanOrEqualTo
FNDA:1,string
FNDA:0,boolean
FNDA:0,number
FNDA:0,array
FNDA:0,object
FNDA:1,propertyName
FNDA:1,property
FNDA:1,type
FNDA:1,createFilter
DA:3,1
DA:7,18
DA:9,1
DA:11,1
DA:13,1
DA:15,1
DA:17,1
DA:19,1
DA:21,1
DA:22,1
DA:24,1
DA:25,1
DA:27,1
DA:30,1
DA:33,1
DA:34,1
DA:37,1
DA:42,0
DA:43,0
DA:46,0
DA:51,0
DA:56,1
DA:61,0
DA:66,0
DA:71,0
DA:76,0
DA:81,0
DA:86,1
DA:91,0
DA:96,0
DA:101,0
DA:106,0
DA:111,1
DA:116,1
DA:121,1
DA:127,1
DA:128,1
DA:130,1
DA:134,1
DA:137,1
LF:40
LH:27
BRDA:7,1,0,18
BRDA:7,1,1,18
BRDA:7,2,0,18
BRDA:7,2,1,0
BRDA:7,3,0,1
BRDA:7,3,1,0
BRDA:7,4,0,0
BRDA:7,4,1,1
BRDA:13,5,0,1
BRDA:13,5,1,0
BRDA:13,6,0,1
BRDA:13,6,1,1
BRDA:15,7,0,0
BRDA:15,7,1,1
BRDA:17,8,0,0
BRDA:17,8,1,1
BRDA:17,9,0,0
BRDA:17,9,1,1
BRDA:17,10,0,1
BRDA:17,10,1,0
BRDA:17,10,2,0
BRDA:19,11,0,0
BRDA:19,11,1,1
BRDA:19,12,0,1
BRDA:19,12,1,0
BRDA:19,13,0,1
BRDA:19,13,1,1
BRDA:19,14,0,1
BRDA:19,14,1,0
BRDA:19,15,0,1
BRDA:19,15,1,0
BRDA:27,16,0,1
BRDA:27,16,1,0
BRF:33
BRH:19
end_of_record
TN:
SF:/Users/jaredjbarnes/Documents/programming-patterns/lib/visitor/Visitor.js
FN:7,(anonymous_1)
FN:7,defineProperties
FN:7,(anonymous_3)
FN:9,_classCallCheck
FN:11,(anonymous_5)
FN:12,Visitor
FN:18,visit
FN:23,(anonymous_8)
FNF:8
FNH:8
FNDA:1,(anonymous_1)
FNDA:1,defineProperties
FNDA:1,(anonymous_3)
FNDA:2,_classCallCheck
FNDA:1,(anonymous_5)
FNDA:2,Visitor
FNDA:12,visit
FNDA:10,(anonymous_8)
DA:3,1
DA:7,1
DA:9,2
DA:11,1
DA:12,1
DA:13,2
DA:16,1
DA:19,12
DA:21,12
DA:23,6
DA:24,10
DA:27,6
DA:28,6
DA:30,0
DA:34,6
DA:35,6
DA:37,0
DA:43,1
DA:46,1
LF:19
LH:17
BRDA:7,1,0,1
BRDA:7,1,1,1
BRDA:7,2,0,1
BRDA:7,2,1,0
BRDA:7,3,0,1
BRDA:7,3,1,0
BRDA:7,4,0,0
BRDA:7,4,1,1
BRDA:9,5,0,0
BRDA:9,5,1,2
BRDA:21,6,0,6
BRDA:21,6,1,6
BRDA:27,7,0,6
BRDA:27,7,1,0
BRDA:34,8,0,6
BRDA:34,8,1,0
BRF:16
BRH:10
end_of_record
TN:
SF:/Users/jaredjbarnes/Documents/programming-patterns/lib/builder/QueryBuilder.js
FN:7,(anonymous_1)
FN:7,defineProperties
FN:7,(anonymous_3)
FN:17,_interopRequireDefault
FN:19,_classCallCheck
FN:21,(anonymous_6)
FN:22,QueryBuilder
FN:32,and
FN:47,or
FN:62,isProperty
FN:72,getQuery
FNF:11
FNH:11
FNDA:1,(anonymous_1)
FNDA:1,defineProperties
FNDA:1,(anonymous_3)
FNDA:2,_interopRequireDefault
FNDA:3,_classCallCheck
FNDA:1,(anonymous_6)
FNDA:3,QueryBuilder
FNDA:2,and
FNDA:1,or
FNDA:6,isProperty
FNDA:2,getQuery
DA:3,1
DA:7,4
DA:9,1
DA:11,1
DA:13,1
DA:15,1
DA:17,2
DA:19,3
DA:21,1
DA:22,1
DA:23,3
DA:25,3
DA:26,3
DA:27,3
DA:30,1
DA:33,2
DA:35,1
DA:37,1
DA:38,1
DA:40,1
DA:43,2
DA:48,1
DA:50,1
DA:52,1
DA:53,1
DA:55,0
DA:58,1
DA:63,6
DA:64,3
DA:67,6
DA:68,6
DA:73,2
DA:77,1
DA:80,1
LF:34
LH:33
BRDA:7,1,0,4
BRDA:7,1,1,4
BRDA:7,2,0,4
BRDA:7,2,1,0
BRDA:7,3,0,1
BRDA:7,3,1,0
BRDA:7,4,0,0
BRDA:7,4,1,1
BRDA:17,5,0,2
BRDA:17,5,1,0
BRDA:17,6,0,2
BRDA:17,6,1,2
BRDA:19,7,0,0
BRDA:19,7,1,3
BRDA:33,8,0,1
BRDA:33,8,1,1
BRDA:33,9,0,2
BRDA:33,9,1,2
BRDA:48,10,0,1
BRDA:48,10,1,0
BRDA:48,11,0,1
BRDA:48,11,1,1
BRDA:63,12,0,3
BRDA:63,12,1,3
BRF:24
BRH:18
end_of_record
TN:
SF:/Users/jaredjbarnes/Documents/programming-patterns/lib/factory/QueryFactory.js
FN:7,(anonymous_1)
FN:7,defineProperties
FN:7,(anonymous_3)
FN:17,_interopRequireDefault
FN:19,_classCallCheck
FN:21,(anonymous_6)
FN:22,QueryFactory
FN:28,createAndNode
FN:33,createOrNode
FN:38,createContainsNode
FN:43,createIsEqualToNode
FN:48,createIsNotEqualToNode
FN:53,createIsGreaterThanNode
FN:58,createIsLessThanNode
FN:63,createIsGreaterThanOrEqualToNode
FN:68,createIsLessThanOrEqualToNode
FN:73,createPropertyNode
FN:85,createValueNode
FNF:18
FNH:12
FNDA:1,(anonymous_1)
FNDA:1,defineProperties
FNDA:1,(anonymous_3)
FNDA:2,_interopRequireDefault
FNDA:9,_classCallCheck
FNDA:1,(anonymous_6)
FNDA:9,QueryFactory
FNDA:5,createAndNode
FNDA:1,createOrNode
FNDA:0,createContainsNode
FNDA:6,createIsEqualToNode
FNDA:0,createIsNotEqualToNode
FNDA:0,createIsGreaterThanNode
FNDA:0,createIsLessThanNode
FNDA:0,createIsGreaterThanOrEqualToNode
FNDA:0,createIsLessThanOrEqualToNode
FNDA:6,createPropertyNode
FNDA:6,createValueNode
DA:3,1
DA:7,11
DA:9,1
DA:11,1
DA:13,1
DA:15,1
DA:17,2
DA:19,9
DA:21,1
DA:22,1
DA:23,9
DA:26,1
DA:29,5
DA:34,1
DA:39,0
DA:44,6
DA:49,0
DA:54,0
DA:59,0
DA:64,0
DA:69,0
DA:74,6
DA:76,6
DA:77,6
DA:79,6
DA:81,6
DA:87,6
DA:89,6
DA:90,0
DA:92,0
DA:93,0
DA:95,0
DA:96,0
DA:98,0
DA:99,0
DA:101,0
DA:104,0
DA:109,1
DA:112,1
LF:39
LH:24
BRDA:7,1,0,11
BRDA:7,1,1,11
BRDA:7,2,0,11
BRDA:7,2,1,0
BRDA:7,3,0,1
BRDA:7,3,1,0
BRDA:7,4,0,0
BRDA:7,4,1,1
BRDA:17,5,0,2
BRDA:17,5,1,0
BRDA:17,6,0,2
BRDA:17,6,1,2
BRDA:19,7,0,0
BRDA:19,7,1,9
BRDA:87,8,0,6
BRDA:87,8,1,0
BRDA:90,9,0,0
BRDA:90,9,1,0
BRDA:93,10,0,0
BRDA:93,10,1,0
BRDA:96,11,0,0
BRDA:96,11,1,0
BRDA:99,12,0,0
BRDA:99,12,1,0
BRDA:99,13,0,0
BRDA:99,13,1,0
BRF:26
BRH:10
end_of_record
TN:
SF:/Users/jaredjbarnes/Documents/programming-patterns/lib/composite/ValueNode.js
FN:11,_interopRequireDefault
FN:13,_classCallCheck
FN:15,_possibleConstructorReturn
FN:17,_inherits
FN:19,(anonymous_5)
FN:22,ValueNode
FNF:6
FNH:6
FNDA:1,_interopRequireDefault
FNDA:18,_classCallCheck
FNDA:18,_possibleConstructorReturn
FNDA:1,_inherits
FNDA:1,(anonymous_5)
FNDA:18,ValueNode
DA:3,1
DA:7,1
DA:9,1
DA:11,1
DA:13,18
DA:15,18
DA:17,1
DA:19,1
DA:20,1
DA:22,1
DA:23,18
DA:25,18
DA:27,18
DA:28,18
DA:31,1
DA:34,1
LF:16
LH:16
BRDA:11,1,0,1
BRDA:11,1,1,0
BRDA:11,2,0,1
BRDA:11,2,1,1
BRDA:13,3,0,0
BRDA:13,3,1,18
BRDA:15,4,0,0
BRDA:15,4,1,18
BRDA:15,5,0,0
BRDA:15,5,1,18
BRDA:15,6,0,18
BRDA:15,6,1,0
BRDA:15,6,2,0
BRDA:17,7,0,0
BRDA:17,7,1,1
BRDA:17,8,0,1
BRDA:17,8,1,0
BRDA:17,9,0,1
BRDA:17,9,1,1
BRDA:17,10,0,1
BRDA:17,10,1,0
BRDA:17,11,0,1
BRDA:17,11,1,0
BRDA:25,12,0,18
BRDA:25,12,1,0
BRDA:27,13,0,18
BRDA:27,13,1,4
BRF:27
BRH:16
end_of_record
TN:
SF:/Users/jaredjbarnes/Documents/programming-patterns/lib/composite/Node.js
FN:7,_classCallCheck
FN:9,Node
FNF:2
FNH:2
FNDA:36,_classCallCheck
FNDA:36,Node
DA:3,1
DA:7,36
DA:9,1
DA:10,36
DA:12,36
DA:13,36
DA:16,1
LF:7
LH:7
BRDA:7,1,0,0
BRDA:7,1,1,36
BRF:2
BRH:1
end_of_record
TN:
SF:/Users/jaredjbarnes/Documents/programming-patterns/lib/composite/CompositeNode.js
FN:11,_interopRequireDefault
FN:13,_classCallCheck
FN:15,_possibleConstructorReturn
FN:17,_inherits
FN:19,(anonymous_5)
FN:22,CompositeNode
FNF:6
FNH:6
FNDA:1,_interopRequireDefault
FNDA:18,_classCallCheck
FNDA:18,_possibleConstructorReturn
FNDA:1,_inherits
FNDA:1,(anonymous_5)
FNDA:18,CompositeNode
DA:3,1
DA:7,1
DA:9,1
DA:11,1
DA:13,18
DA:15,18
DA:17,1
DA:19,1
DA:20,1
DA:22,1
DA:23,18
DA:25,18
DA:27,18
DA:28,18
DA:29,18
DA:32,1
DA:35,1
LF:17
LH:17
BRDA:11,1,0,1
BRDA:11,1,1,0
BRDA:11,2,0,1
BRDA:11,2,1,1
BRDA:13,3,0,0
BRDA:13,3,1,18
BRDA:15,4,0,0
BRDA:15,4,1,18
BRDA:15,5,0,0
BRDA:15,5,1,18
BRDA:15,6,0,18
BRDA:15,6,1,0
BRDA:15,6,2,0
BRDA:17,7,0,0
BRDA:17,7,1,1
BRDA:17,8,0,1
BRDA:17,8,1,0
BRDA:17,9,0,1
BRDA:17,9,1,1
BRDA:17,10,0,1
BRDA:17,10,1,0
BRDA:17,11,0,1
BRDA:17,11,1,0
BRDA:25,12,0,18
BRDA:25,12,1,0
BRF:25
BRH:14
end_of_record
TN:
SF:/Users/jaredjbarnes/Documents/programming-patterns/lib/builder/OperationBuilder.js
FN:7,(anonymous_1)
FN:7,defineProperties
FN:7,(anonymous_3)
FN:13,_interopRequireDefault
FN:15,_classCallCheck
FN:17,(anonymous_6)
FN:18,OperationBuilder
FN:29,getQuery
FN:34,contains
FN:46,equalTo
FN:58,notEqualTo
FN:70,greaterThan
FN:82,greaterThanOrEqualTo
FN:94,lessThan
FN:106,lessThanOrEqualTo
FNF:15
FNH:8
FNDA:1,(anonymous_1)
FNDA:1,defineProperties
FNDA:1,(anonymous_3)
FNDA:1,_interopRequireDefault
FNDA:6,_classCallCheck
FNDA:1,(anonymous_6)
FNDA:6,OperationBuilder
FNDA:0,getQuery
FNDA:0,contains
FNDA:6,equalTo
FNDA:0,notEqualTo
FNDA:0,greaterThan
FNDA:0,greaterThanOrEqualTo
FNDA:0,lessThan
FNDA:0,lessThanOrEqualTo
DA:3,1
DA:7,8
DA:9,1
DA:11,1
DA:13,1
DA:15,6
DA:17,1
DA:18,1
DA:19,6
DA:21,6
DA:22,6
DA:23,6
DA:24,6
DA:27,1
DA:30,0
DA:35,0
DA:36,0
DA:37,0
DA:39,0
DA:40,0
DA:42,0
DA:47,6
DA:48,6
DA:49,6
DA:51,6
DA:52,6
DA:54,6
DA:59,0
DA:60,0
DA:61,0
DA:63,0
DA:64,0
DA:66,0
DA:71,0
DA:72,0
DA:73,0
DA:75,0
DA:76,0
DA:78,0
DA:83,0
DA:84,0
DA:85,0
DA:87,0
DA:88,0
DA:90,0
DA:95,0
DA:96,0
DA:97,0
DA:99,0
DA:100,0
DA:102,0
DA:107,0
DA:108,0
DA:109,0
DA:111,0
DA:112,0
DA:114,0
DA:118,1
DA:121,1
LF:59
LH:22
BRDA:7,1,0,8
BRDA:7,1,1,8
BRDA:7,2,0,8
BRDA:7,2,1,0
BRDA:7,3,0,1
BRDA:7,3,1,0
BRDA:7,4,0,0
BRDA:7,4,1,1
BRDA:13,5,0,1
BRDA:13,5,1,0
BRDA:13,6,0,1
BRDA:13,6,1,1
BRDA:15,7,0,0
BRDA:15,7,1,6
BRF:14
BRH:9
end_of_record
TN:
SF:/Users/jaredjbarnes/Documents/programming-patterns/lib/observable/Person.js
FN:7,(anonymous_1)
FN:7,defineProperties
FN:7,(anonymous_3)
FN:13,_interopRequireDefault
FN:15,_classCallCheck
FN:17,_possibleConstructorReturn
FN:19,_inherits
FN:21,(anonymous_8)
FN:24,Person
FN:36,get
FN:39,set
FN:52,get
FN:55,set
FNF:13
FNH:11
FNDA:1,(anonymous_1)
FNDA:1,defineProperties
FNDA:1,(anonymous_3)
FNDA:1,_interopRequireDefault
FNDA:1,_classCallCheck
FNDA:1,_possibleConstructorReturn
FNDA:1,_inherits
FNDA:1,(anonymous_8)
FNDA:1,Person
FNDA:0,get
FNDA:3,set
FNDA:0,get
FNDA:1,set
DA:3,1
DA:7,2
DA:9,1
DA:11,1
DA:13,1
DA:15,1
DA:17,1
DA:19,1
DA:21,1
DA:22,1
DA:24,1
DA:25,1
DA:27,1
DA:29,1
DA:30,1
DA:31,1
DA:34,1
DA:37,0
DA:40,3
DA:41,3
DA:43,3
DA:53,0
DA:56,1
DA:57,1
DA:59,1
DA:68,1
DA:71,1
LF:27
LH:25
BRDA:7,1,0,2
BRDA:7,1,1,2
BRDA:7,2,0,0
BRDA:7,2,1,2
BRDA:7,3,0,1
BRDA:7,3,1,0
BRDA:7,4,0,0
BRDA:7,4,1,1
BRDA:13,5,0,1
BRDA:13,5,1,0
BRDA:13,6,0,1
BRDA:13,6,1,1
BRDA:15,7,0,0
BRDA:15,7,1,1
BRDA:17,8,0,0
BRDA:17,8,1,1
BRDA:17,9,0,0
BRDA:17,9,1,1
BRDA:17,10,0,1
BRDA:17,10,1,0
BRDA:17,10,2,0
BRDA:19,11,0,0
BRDA:19,11,1,1
BRDA:19,12,0,1
BRDA:19,12,1,0
BRDA:19,13,0,1
BRDA:19,13,1,1
BRDA:19,14,0,1
BRDA:19,14,1,0
BRDA:19,15,0,1
BRDA:19,15,1,0
BRDA:27,16,0,1
BRDA:27,16,1,0
BRF:33
BRH:19
end_of_record
TN:
SF:/Users/jaredjbarnes/Documents/programming-patterns/lib/observable/Observable.js
FN:7,(anonymous_1)
FN:7,defineProperties
FN:7,(anonymous_3)
FN:13,_interopRequireDefault
FN:15,_classCallCheck
FN:17,(anonymous_6)
FN:18,Observable
FN:26,notify
FN:27,(anonymous_9)
FN:33,observe
FN:37,dispose
FNF:11
FNH:10
FNDA:1,(anonymous_1)
FNDA:1,defineProperties
FNDA:1,(anonymous_3)
FNDA:1,_interopRequireDefault
FNDA:1,_classCallCheck
FNDA:1,(anonymous_6)
FNDA:1,Observable
FNDA:4,notify
FNDA:2,(anonymous_9)
FNDA:1,observe
FNDA:0,dispose
DA:3,1
DA:7,2
DA:9,1
DA:11,1
DA:13,1
DA:15,1
DA:17,1
DA:18,1
DA:19,1
DA:21,1
DA:24,1
DA:27,4
DA:28,2
DA:34,1
DA:36,1
DA:38,0
DA:40,0
DA:41,0
DA:49,1
DA:51,1
DA:55,1
DA:58,1
LF:22
LH:19
BRDA:7,1,0,2
BRDA:7,1,1,2
BRDA:7,2,0,2
BRDA:7,2,1,0
BRDA:7,3,0,1
BRDA:7,3,1,0
BRDA:7,4,0,0
BRDA:7,4,1,1
BRDA:13,5,0,1
BRDA:13,5,1,0
BRDA:13,6,0,1
BRDA:13,6,1,1
BRDA:15,7,0,0
BRDA:15,7,1,1
BRDA:40,8,0,0
BRDA:40,8,1,0
BRF:16
BRH:9
end_of_record
TN:
SF:/Users/jaredjbarnes/Documents/programming-patterns/lib/observable/Observer.js
FN:7,(anonymous_1)
FN:7,defineProperties
FN:7,(anonymous_3)
FN:9,_classCallCheck
FN:14,EMPTY_FUCNTION
FN:16,(anonymous_6)
FN:17,Observer
FN:35,start
FN:42,stop
FN:49,dispose
FN:57,notify
FNF:11
FNH:9
FNDA:1,(anonymous_1)
FNDA:1,defineProperties
FNDA:1,(anonymous_3)
FNDA:1,_classCallCheck
FNDA:1,EMPTY_FUCNTION
FNDA:1,(anonymous_6)
FNDA:1,Observer
FNDA:0,start
FNDA:0,stop
FNDA:1,dispose
FNDA:2,notify
DA:3,1
DA:7,4
DA:9,1
DA:11,1
DA:12,1
DA:13,1
DA:14,1
DA:16,1
DA:17,1
DA:18,1
DA:22,1
DA:24,1
DA:30,1
DA:33,1
DA:36,0
DA:37,0
DA:43,0
DA:44,0
DA:50,1
DA:51,1
DA:52,1
DA:58,2
DA:59,1
DA:64,1
DA:67,1
LF:25
LH:21
BRDA:7,1,0,4
BRDA:7,1,1,4
BRDA:7,2,0,4
BRDA:7,2,1,0
BRDA:7,3,0,1
BRDA:7,3,1,0
BRDA:7,4,0,0
BRDA:7,4,1,1
BRDA:9,5,0,0
BRDA:9,5,1,1
BRDA:25,6,0,1
BRDA:25,6,1,0
BRDA:26,7,0,0
BRDA:26,7,1,1
BRDA:27,8,0,1
BRDA:27,8,1,0
BRDA:36,9,0,0
BRDA:36,9,1,0
BRDA:43,10,0,0
BRDA:43,10,1,0
BRDA:50,11,0,1
BRDA:50,11,1,0
BRDA:50,12,0,1
BRDA:50,12,1,0
BRDA:58,13,0,1
BRDA:58,13,1,1
BRDA:58,14,0,2
BRDA:58,14,1,2
BRF:28
BRH:15
end_of_record
TN:
SF:/Users/jaredjbarnes/Documents/programming-patterns/lib/visitor/SqlVisitor.js
FN:7,(anonymous_1)
FN:7,defineProperties
FN:7,(anonymous_3)
FN:13,_interopRequireDefault
FN:15,_classCallCheck
FN:17,_possibleConstructorReturn
FN:19,_inherits
FN:21,(anonymous_8)
FN:24,SqlVisitor
FN:32,and
FN:41,or
FN:50,contains
FN:55,isEqualTo
FN:60,isNotEqualTo
FN:65,isGreaterThan
FN:70,isGreaterThanOrEqualTo
FN:75,isLessThan
FN:80,isLessThanOrEqualTo
FN:85,string
FN:90,boolean
FN:95,number
FN:100,array
FN:105,object
FN:110,propertyName
FN:115,property
FN:120,type
FN:126,createSql
FNF:27
FNH:16
FNDA:1,(anonymous_1)
FNDA:1,defineProperties
FNDA:1,(anonymous_3)
FNDA:1,_interopRequireDefault
FNDA:1,_classCallCheck
FNDA:1,_possibleConstructorReturn
FNDA:1,_inherits
FNDA:1,(anonymous_8)
FNDA:1,SqlVisitor
FNDA:1,and
FNDA:0,or
FNDA:0,contains
FNDA:1,isEqualTo
FNDA:0,isNotEqualTo
FNDA:0,isGreaterThan
FNDA:0,isGreaterThanOrEqualTo
FNDA:0,isLessThan
FNDA:0,isLessThanOrEqualTo
FNDA:1,string
FNDA:0,boolean
FNDA:0,number
FNDA:0,array
FNDA:0,object
FNDA:1,propertyName
FNDA:1,property
FNDA:1,type
FNDA:1,createSql
DA:3,1
DA:7,18
DA:9,1
DA:11,1
DA:13,1
DA:15,1
DA:17,1
DA:19,1
DA:21,1
DA:22,1
DA:24,1
DA:25,1
DA:27,1
DA:30,1
DA:33,1
DA:34,1
DA:37,1
DA:42,0
DA:43,0
DA:46,0
DA:51,0
DA:56,1
DA:61,0
DA:66,0
DA:71,0
DA:76,0
DA:81,0
DA:86,1
DA:91,0
DA:96,0
DA:101,0
DA:106,0
DA:111,1
DA:116,1
DA:121,1
DA:122,1
DA:128,1
DA:129,1
DA:133,1
DA:136,1
LF:40
LH:27
BRDA:7,1,0,18
BRDA:7,1,1,18
BRDA:7,2,0,18
BRDA:7,2,1,0
BRDA:7,3,0,1
BRDA:7,3,1,0
BRDA:7,4,0,0
BRDA:7,4,1,1
BRDA:13,5,0,1
BRDA:13,5,1,0
BRDA:13,6,0,1
BRDA:13,6,1,1
BRDA:15,7,0,0
BRDA:15,7,1,1
BRDA:17,8,0,0
BRDA:17,8,1,1
BRDA:17,9,0,0
BRDA:17,9,1,1
BRDA:17,10,0,1
BRDA:17,10,1,0
BRDA:17,10,2,0
BRDA:19,11,0,0
BRDA:19,11,1,1
BRDA:19,12,0,1
BRDA:19,12,1,0
BRDA:19,13,0,1
BRDA:19,13,1,1
BRDA:19,14,0,1
BRDA:19,14,1,0
BRDA:19,15,0,1
BRDA:19,15,1,0
BRDA:27,16,0,1
BRDA:27,16,1,0
BRF:33
BRH:19
end_of_record
